make: Entering directory `/transmart/transmart-data/samples/postgres'
php -d variables_order=E gen_kettle_properties.php > kettle-home/kettle.properties
STUDY_ID=Neptune_V10 DATA_LOCATION="/transmart/transmart-data/samples/studies/Neptune_V10/expression" \
		KETTLE_HOME="/transmart/transmart-data/samples/postgres/kettle-home" \
		./load_expression.sh ../studies/Neptune_V10/expression.params
Processing file ../studies/Neptune_V10/expression.params $PARAMS_FILENAME /transmart/transmart-data/samples/studies/Neptune_V10/expression.params
Info load_expression.sh: Sourced params file /transmart/transmart-data/samples/studies/Neptune_V10/expression.params
Info load_expression.sh: assuming STUDY_NAME=Neptune_V10
2017/11/06 13:34:49 - Kitchen - Start of run.
2017/11/06 13:34:51 - load_gene_expression_data - Start of job execution
2017/11/06 13:34:51 - load_gene_expression_data - Starting entry [Validate parameters]
2017/11/06 13:34:51 - Validate parameters - Loading transformation from XML file [file:///transmart/tranSMART-ETL/Postgres/GPL-1.0/Kettle/Kettle-ETL/validate_gene_expression_params.ktr]
2017/11/06 13:34:52 - validate_gene_expression_params - Dispatching started for transformation [validate_gene_expression_params]
2017/11/06 13:34:52 - Get variables for STUDY_ID, TOP_NODE, LOAD_TYPE, DATA_TYPE.0 - Finished processing (I=0, O=0, R=1, W=1, U=0, E=0)
2017/11/06 13:34:52 - Check STUDY_ID is not nul.0 - Finished processing (I=0, O=0, R=1, W=1, U=0, E=0)
2017/11/06 13:34:52 - Check TOP_NODE is not nul.0 - Finished processing (I=0, O=0, R=1, W=1, U=0, E=0)
2017/11/06 13:34:52 - Check LOAD_TYPE in I, L, F.0 - Finished processing (I=0, O=0, R=1, W=1, U=0, E=0)
2017/11/06 13:34:52 - Filter rows.0 - Finished processing (I=0, O=0, R=1, W=1, U=0, E=0)
2017/11/06 13:34:52 - Dummy (do nothing).0 - Finished processing (I=0, O=0, R=1, W=1, U=0, E=0)
2017/11/06 13:34:52 - load_gene_expression_data - Starting entry [Write To Log]
2017/11/06 13:34:52 - \Private Studies\Neptune_V10\  / LOAD_TYPE: I - This is the top level of the study and the LOAD_TYPE parameter
2017/11/06 13:34:52 - load_gene_expression_data - Starting entry [Check number of gene expression data files]
2017/11/06 13:34:52 - Check number of gene expression data files - Loading transformation from XML file [file:///transmart/tranSMART-ETL/Postgres/GPL-1.0/Kettle/Kettle-ETL/check_gene_expression_filenames.ktr]
2017/11/06 13:34:52 - check_gene_expression_filenames - Dispatching started for transformation [check_gene_expression_filenames]
2017/11/06 13:34:52 - Get File Names.0 - Finished processing (I=0, O=0, R=0, W=2, U=0, E=0)
2017/11/06 13:34:52 - Select values.0 - Finished processing (I=0, O=0, R=2, W=2, U=0, E=0)
2017/11/06 13:34:52 - Group by.0 - Finished processing (I=0, O=0, R=2, W=1, U=0, E=0)
2017/11/06 13:34:52 - Write to log.0 - 
2017/11/06 13:34:52 - Write to log.0 - ------------> Linenr 1------------------------------
2017/11/06 13:34:52 - Write to log.0 - *** Number of files to be processed ***
2017/11/06 13:34:52 - Write to log.0 - 
2017/11/06 13:34:52 - Write to log.0 - 2
2017/11/06 13:34:52 - Write to log.0 - 
2017/11/06 13:34:52 - Write to log.0 - ====================
2017/11/06 13:34:52 - Set Variables.0 - Setting environment variables...
2017/11/06 13:34:52 - Set Variables.0 - Set variable TOTAL_FILES to value [2]
2017/11/06 13:34:52 - Write to log.0 - Finished processing (I=0, O=0, R=1, W=1, U=0, E=0)
2017/11/06 13:34:52 - Set Variables.0 - Finished after 1 rows.
2017/11/06 13:34:52 - Set Variables.0 - Finished processing (I=0, O=0, R=1, W=1, U=0, E=0)
2017/11/06 13:34:52 - load_gene_expression_data - Starting entry [Fail if number of files = 0]
2017/11/06 13:34:52 - load_gene_expression_data - Starting entry [Check if subject-sample map file exists]
2017/11/06 13:34:52 - load_gene_expression_data - Starting entry [Start Audit]
2017/11/06 13:34:52 - Start Audit - Loading transformation from XML file [file:///transmart/tranSMART-ETL/Postgres/GPL-1.0/Kettle/Kettle-ETL/cz_start_audit.ktr]
2017/11/06 13:34:52 - cz_start_audit - Dispatching started for transformation [cz_start_audit]
2017/11/06 13:34:53 - Generate Rows.0 - Finished processing (I=0, O=0, R=0, W=1, U=0, E=0)
2017/11/06 13:34:53 - Get Job Name.0 - Finished processing (I=0, O=0, R=1, W=1, U=0, E=0)
2017/11/06 13:34:53 - Set Env for the job.0 - Setting environment variables...
2017/11/06 13:34:53 - Set Env for the job.0 - Set variable ETL_JOB_NAME to value [load_gene_expression_data]
2017/11/06 13:34:53 - Set Env for the job.0 - Set variable ETL_JOB_ID to value [7]
2017/11/06 13:34:53 - Set Env for the job.0 - Finished after 1 rows.
2017/11/06 13:34:53 - Set Env for the job.0 - Finished processing (I=0, O=0, R=1, W=1, U=0, E=0)
2017/11/06 13:34:53 - Call cz_start_audit.0 - Finished processing (I=0, O=0, R=1, W=1, U=0, E=0)
2017/11/06 13:34:53 - load_gene_expression_data - Starting entry [Load All Gene Expression data for study]
2017/11/06 13:34:53 - load_all_gene_expression_files_for_study - Starting entry [Check if file-only load]
2017/11/06 13:34:53 - load_all_gene_expression_files_for_study - Starting entry [Write study_id to audit]
2017/11/06 13:34:53 - Write study_id to audit - Loading transformation from XML file [file:///transmart/tranSMART-ETL/Postgres/GPL-1.0/Kettle/Kettle-ETL/write_study_id_to_audit.ktr]
2017/11/06 13:34:53 - write_study_id_to_audit - Dispatching started for transformation [write_study_id_to_audit]
2017/11/06 13:34:53 - Get System Info.0 - Finished processing (I=0, O=0, R=1, W=1, U=0, E=0)
2017/11/06 13:34:53 - Get job_name, study_id.0 - Finished processing (I=0, O=0, R=1, W=1, U=0, E=0)
2017/11/06 13:34:53 - Add constants.0 - Finished processing (I=0, O=0, R=1, W=1, U=0, E=0)
2017/11/06 13:34:53 - Set procedure_name.0 - Finished processing (I=0, O=0, R=1, W=1, U=0, E=0)
2017/11/06 13:34:53 - Call cz_write_audit.0 - Finished processing (I=0, O=0, R=1, W=1, U=0, E=0)
2017/11/06 13:34:53 - load_all_gene_expression_files_for_study - Starting entry [truncate lt_src_mrna_data]
2017/11/06 13:34:53 - load_all_gene_expression_files_for_study - Starting entry [Load subject-sample map]
2017/11/06 13:34:53 - Load subject-sample map - Loading transformation from XML file [file:///transmart/tranSMART-ETL/Postgres/GPL-1.0/Kettle/Kettle-ETL/load_subject_sample_map_to_lt.ktr]
2017/11/06 13:34:53 - load_subject_sample_map_to_lt - Dispatching started for transformation [load_subject_sample_map_to_lt]
2017/11/06 13:34:54 - Insert to lt_src_mrna_subj_samp_map.0 - Connected to database [TM_LZ] (commit=1000)
2017/11/06 13:34:54 - Read subject-sample map file.0 - Opening file: file:///transmart/transmart-data/samples/studies/Neptune_V10/expression/Neptune_V6_Mapping.txt
2017/11/06 13:34:54 - Read subject-sample map file.0 - Finished processing (I=443, O=0, R=0, W=442, U=1, E=0)
2017/11/06 13:34:54 - Check for required fields.0 - Finished processing (I=0, O=0, R=442, W=442, U=0, E=0)
2017/11/06 13:34:54 - Uppercase study_id.0 - Finished processing (I=0, O=0, R=442, W=442, U=0, E=0)
2017/11/06 13:34:54 - Get SOURCE_CD.0 - Finished processing (I=0, O=0, R=442, W=442, U=0, E=0)
2017/11/06 13:34:54 - Get marker_type for platform.0 - Finished processing (I=1, O=0, R=442, W=442, U=0, E=0)
2017/11/06 13:34:54 - Select only Gene Expression marker_type.0 - Finished processing (I=0, O=0, R=442, W=442, U=0, E=0)
2017/11/06 13:34:54 - Select null or matching source_cd.0 - Finished processing (I=0, O=0, R=442, W=442, U=0, E=0)
2017/11/06 13:34:54 - Set null tissue_type to Unknown.0 - Finished processing (I=0, O=0, R=442, W=442, U=0, E=0)
2017/11/06 13:34:54 - Insert to lt_src_mrna_subj_samp_map.0 - Finished processing (I=0, O=442, R=442, W=442, U=0, E=0)
2017/11/06 13:34:54 - load_all_gene_expression_files_for_study - Starting entry [Get list of filenames for Study]
2017/11/06 13:34:54 - Get list of filenames for Study - Loading transformation from XML file [file:///transmart/tranSMART-ETL/Postgres/GPL-1.0/Kettle/Kettle-ETL/get_list_of_gene_expression_filenames.ktr]
2017/11/06 13:34:54 - get_list_of_gene_expression_filenames - Dispatching started for transformation [get_list_of_gene_expression_filenames]
2017/11/06 13:34:54 - Get File Names.0 - Finished processing (I=0, O=0, R=0, W=2, U=0, E=0)
2017/11/06 13:34:55 - Get filename with no extension.0 - Optimization level set to 9.
2017/11/06 13:34:55 - Get filename with no extension.0 - Finished processing (I=0, O=0, R=2, W=2, U=0, E=0)
2017/11/06 13:34:55 - Select values.0 - Finished processing (I=0, O=0, R=2, W=2, U=0, E=0)
2017/11/06 13:34:55 - Copy rows to result.0 - Finished processing (I=0, O=0, R=2, W=2, U=0, E=0)
2017/11/06 13:34:55 - load_all_gene_expression_files_for_study - Starting entry [load each file for study]
2017/11/06 13:34:55 - load_gene_expression_one_study - Starting entry [Set gene expression filename as variable]
2017/11/06 13:34:55 - Set gene expression filename as variable - Loading transformation from XML file [file:///transmart/tranSMART-ETL/Postgres/GPL-1.0/Kettle/Kettle-ETL/set_gene_expression_filename.ktr]
2017/11/06 13:34:55 - set_gene_expression_filename - Dispatching started for transformation [set_gene_expression_filename]
2017/11/06 13:34:55 - Get rows from result.0 - Finished processing (I=0, O=0, R=1, W=1, U=0, E=0)
2017/11/06 13:34:55 - Write to log.0 - 
2017/11/06 13:34:55 - Write to log.0 - ------------> Linenr 1------------------------------
2017/11/06 13:34:55 - Write to log.0 - *** Processing file ***
2017/11/06 13:34:55 - Write to log.0 - 
2017/11/06 13:34:55 - Write to log.0 - Neptune_V6_Exp_N1G-N2G-ComBatCorrected.txt
2017/11/06 13:34:55 - Write to log.0 - 
2017/11/06 13:34:55 - Write to log.0 - ====================
2017/11/06 13:34:55 - Write to log.0 - Finished processing (I=0, O=0, R=1, W=1, U=0, E=0)
2017/11/06 13:34:55 - Set Variables.0 - Setting environment variables...
2017/11/06 13:34:55 - Set Variables.0 - Set variable FILENAME to value [Neptune_V6_Exp_N1G-N2G-ComBatCorrected.txt]
2017/11/06 13:34:55 - Set Variables.0 - Set variable FILENAME_NO_EXT to value [Neptune_V6_Exp_N1G-N2G-ComBatCorrected]
2017/11/06 13:34:55 - Set Variables.0 - Finished after 1 rows.
2017/11/06 13:34:55 - Set Variables.0 - Finished processing (I=0, O=0, R=1, W=1, U=0, E=0)
2017/11/06 13:34:55 - load_gene_expression_one_study - Starting entry [Validate gene expression header has same nbr columns as data]
2017/11/06 13:34:55 - Validate gene expression header has same nbr columns as data - Loading transformation from XML file [file:///transmart/tranSMART-ETL/Postgres/GPL-1.0/Kettle/Kettle-ETL/validate_gene_expression_columns.ktr]
2017/11/06 13:34:56 - validate_gene_expression_columns - Dispatching started for transformation [validate_gene_expression_columns]
2017/11/06 13:34:56 - Get Header Row.0 - Opening file: file:///transmart/transmart-data/samples/studies/Neptune_V10/expression/Neptune_V6_Exp_N1G-N2G-ComBatCorrected.txt
2017/11/06 13:34:56 - Get first data row.0 - Opening file: file:///transmart/transmart-data/samples/studies/Neptune_V10/expression/Neptune_V6_Exp_N1G-N2G-ComBatCorrected.txt
2017/11/06 13:34:56 - Read all records.0 - Opening file: file:///transmart/transmart-data/samples/studies/Neptune_V10/expression/Neptune_V6_Exp_N1G-N2G-ComBatCorrected.txt
2017/11/06 13:34:56 - Get Header Row.0 - Finished processing (I=1, O=0, R=0, W=1, U=1, E=0)
2017/11/06 13:34:56 - Get first data row.0 - Finished processing (I=2, O=0, R=0, W=1, U=1, E=0)
2017/11/06 13:34:56 - Split header.0 - Finished processing (I=0, O=0, R=1, W=229, U=0, E=0)
2017/11/06 13:34:56 - Split data.0 - Finished processing (I=0, O=0, R=1, W=229, U=0, E=0)
2017/11/06 13:34:56 - Select hdr_col.0 - Finished processing (I=0, O=0, R=229, W=229, U=0, E=0)
2017/11/06 13:34:56 - Select data_col.0 - Finished processing (I=0, O=0, R=229, W=229, U=0, E=0)
2017/11/06 13:34:56 - Count hdr_col.0 - Finished processing (I=0, O=0, R=229, W=1, U=0, E=0)
2017/11/06 13:34:56 - add join_col for hdr_ct.0 - Finished processing (I=0, O=0, R=1, W=1, U=0, E=0)
2017/11/06 13:34:56 - Count data_col.0 - Finished processing (I=0, O=0, R=229, W=1, U=0, E=0)
2017/11/06 13:34:56 - Add join_col for data_ct.0 - Finished processing (I=0, O=0, R=1, W=1, U=0, E=0)
2017/11/06 13:34:56 - Join hdr_ct and data_ct.0 - Finished processing (I=0, O=0, R=2, W=1, U=0, E=0)
2017/11/06 13:34:56 - Nbr of header cols = nbr data cols.0 - Finished processing (I=0, O=0, R=1, W=1, U=0, E=0)
2017/11/06 13:34:56 - Get LOAD_TYPE.0 - Finished processing (I=0, O=0, R=1, W=1, U=0, E=0)
2017/11/06 13:34:56 - Check if LOAD_TYPE = F.0 - Finished processing (I=0, O=0, R=1, W=1, U=0, E=0)
2017/11/06 13:34:56 - constant 1.0 - Finished processing (I=0, O=0, R=1, W=1, U=0, E=0)
2017/11/06 13:34:56 - Subtract 1 from hdr_ct to get count of samples.0 - Finished processing (I=0, O=0, R=1, W=1, U=0, E=0)
2017/11/06 13:35:04 - Read all records.0 - Finished processing (I=25583, O=0, R=0, W=25582, U=1, E=0)
2017/11/06 13:35:04 - Count probesets.0 - Finished processing (I=0, O=0, R=25582, W=1, U=0, E=0)
2017/11/06 13:35:04 - add join_col for probeset_ct.0 - Finished processing (I=0, O=0, R=1, W=1, U=0, E=0)
2017/11/06 13:35:04 - Add probeset_ct to results.0 - Finished processing (I=0, O=0, R=2, W=1, U=0, E=0)
2017/11/06 13:35:04 - Select counts.0 - Finished processing (I=0, O=0, R=1, W=1, U=0, E=0)
2017/11/06 13:35:04 - Separate counts into 2 records.0 - Finished processing (I=0, O=0, R=1, W=2, U=0, E=0)
2017/11/06 13:35:04 - Add step_desc.0 - Finished processing (I=0, O=0, R=2, W=2, U=0, E=0)
2017/11/06 13:35:04 - Set step_desc to step_number.0 - Finished processing (I=0, O=0, R=2, W=2, U=0, E=0)
2017/11/06 13:35:04 - Convert step_nbr to integer.0 - Finished processing (I=0, O=0, R=2, W=2, U=0, E=0)
2017/11/06 13:35:04 - Set step_desc based on value from step_number.0 - Finished processing (I=0, O=0, R=2, W=2, U=0, E=0)
2017/11/06 13:35:04 - Get Variables.0 - Finished processing (I=0, O=0, R=2, W=2, U=0, E=0)
2017/11/06 13:35:04 - Add procedure_name.0 - Finished processing (I=0, O=0, R=2, W=2, U=0, E=0)
2017/11/06 13:35:04 - Call cz_write_audit.0 - Finished processing (I=0, O=0, R=2, W=2, U=0, E=0)
2017/11/06 13:35:04 - load_gene_expression_one_study - Starting entry [Run FilePivot]
2017/11/06 13:35:04 - Run FilePivot - Running on platform : Linux
2017/11/06 13:35:04 - Run FilePivot - Executing command : /tmp/kettle_34cbad78-c321-11e7-ba5d-514662a61400shell
2017/11/06 13:35:09 - load_gene_expression_one_study - Starting entry [Load gene expression data to lz]
2017/11/06 13:35:09 - Load gene expression data to lz - Loading transformation from XML file [file:///transmart/tranSMART-ETL/Postgres/GPL-1.0/Kettle/Kettle-ETL/load_gene_expression_data_to_lz.ktr]
2017/11/06 13:35:09 - load_gene_expression_data_to_lz - Dispatching started for transformation [load_gene_expression_data_to_lz]
2017/11/06 13:35:09 - Insert to lt_src_mrna_data.0 - Connected to database [TM_LZ] (commit=1000)
2017/11/06 13:35:09 - Get pivoted file.0 - Opening file: file:///tmp/Neptune_V6_Exp_N1G-N2G-ComBatCorrected_pivot.txt
2017/11/06 13:35:09 - Check for numeric intensity.0 - Optimization level set to 9.
2017/11/06 13:35:10 - Remove SAMPLE_SUFFIX from sample_cd.0 - Optimization level set to 9.
2017/11/06 13:35:49 - Get pivoted file.0 - linenr 500000
2017/11/06 13:35:50 - Check for numeric intensity.0 - linenr 500000
2017/11/06 13:35:51 - Drop non-numeric data.0 - linenr 500000
2017/11/06 13:35:52 - SAMPLE_REMAP_FILE present.0 - linenr 500000
2017/11/06 13:35:53 - SAMPLE_SUFFIX present.0 - linenr 500000
2017/11/06 13:35:53 - Remove SAMPLE_SUFFIX from sample_cd.0 - linenr 500000
2017/11/06 13:35:54 - Select values 2.0 - linenr 500000
2017/11/06 13:35:56 - Select values for mrna data.0 - linenr 500000
2017/11/06 13:35:56 - Check if LOAD_TYPE = L.0 - linenr 500000
2017/11/06 13:35:57 - Check if LOAD_TYPE = I.0 - linenr 500000
2017/11/06 13:35:58 - Insert to lt_src_mrna_data.0 - linenr 500000
2017/11/06 13:36:20 - Get pivoted file.0 - linenr 1000000
2017/11/06 13:36:21 - Check for numeric intensity.0 - linenr 1000000
2017/11/06 13:36:22 - Drop non-numeric data.0 - linenr 1000000
2017/11/06 13:36:23 - SAMPLE_REMAP_FILE present.0 - linenr 1000000
2017/11/06 13:36:24 - SAMPLE_SUFFIX present.0 - linenr 1000000
2017/11/06 13:36:24 - Remove SAMPLE_SUFFIX from sample_cd.0 - linenr 1000000
2017/11/06 13:36:25 - Select values 2.0 - linenr 1000000
2017/11/06 13:36:26 - Select values for mrna data.0 - linenr 1000000
2017/11/06 13:36:27 - Check if LOAD_TYPE = L.0 - linenr 1000000
2017/11/06 13:36:28 - Check if LOAD_TYPE = I.0 - linenr 1000000
2017/11/06 13:36:28 - Insert to lt_src_mrna_data.0 - linenr 1000000
2017/11/06 13:36:52 - Get pivoted file.0 - linenr 1500000
2017/11/06 13:36:53 - Check for numeric intensity.0 - linenr 1500000
2017/11/06 13:36:53 - Drop non-numeric data.0 - linenr 1500000
2017/11/06 13:36:55 - SAMPLE_REMAP_FILE present.0 - linenr 1500000
2017/11/06 13:36:55 - SAMPLE_SUFFIX present.0 - linenr 1500000
2017/11/06 13:36:56 - Remove SAMPLE_SUFFIX from sample_cd.0 - linenr 1500000
2017/11/06 13:36:57 - Select values 2.0 - linenr 1500000
2017/11/06 13:36:58 - Select values for mrna data.0 - linenr 1500000
2017/11/06 13:36:59 - Check if LOAD_TYPE = L.0 - linenr 1500000
2017/11/06 13:36:59 - Check if LOAD_TYPE = I.0 - linenr 1500000
2017/11/06 13:37:00 - Insert to lt_src_mrna_data.0 - linenr 1500000
2017/11/06 13:37:23 - Get pivoted file.0 - linenr 2000000
2017/11/06 13:37:24 - Check for numeric intensity.0 - linenr 2000000
2017/11/06 13:37:24 - Drop non-numeric data.0 - linenr 2000000
2017/11/06 13:37:26 - SAMPLE_REMAP_FILE present.0 - linenr 2000000
2017/11/06 13:37:26 - SAMPLE_SUFFIX present.0 - linenr 2000000
2017/11/06 13:37:27 - Remove SAMPLE_SUFFIX from sample_cd.0 - linenr 2000000
2017/11/06 13:37:27 - Select values 2.0 - linenr 2000000
2017/11/06 13:37:29 - Select values for mrna data.0 - linenr 2000000
2017/11/06 13:37:30 - Check if LOAD_TYPE = L.0 - linenr 2000000
2017/11/06 13:37:31 - Check if LOAD_TYPE = I.0 - linenr 2000000
2017/11/06 13:37:31 - Insert to lt_src_mrna_data.0 - linenr 2000000
2017/11/06 13:37:54 - Get pivoted file.0 - linenr 2500000
2017/11/06 13:37:55 - Check for numeric intensity.0 - linenr 2500000
2017/11/06 13:37:55 - Drop non-numeric data.0 - linenr 2500000
2017/11/06 13:37:57 - SAMPLE_REMAP_FILE present.0 - linenr 2500000
2017/11/06 13:37:58 - SAMPLE_SUFFIX present.0 - linenr 2500000
2017/11/06 13:37:59 - Remove SAMPLE_SUFFIX from sample_cd.0 - linenr 2500000
2017/11/06 13:37:59 - Select values 2.0 - linenr 2500000
2017/11/06 13:38:02 - Select values for mrna data.0 - linenr 2500000
2017/11/06 13:38:02 - Check if LOAD_TYPE = L.0 - linenr 2500000
2017/11/06 13:38:03 - Check if LOAD_TYPE = I.0 - linenr 2500000
2017/11/06 13:38:04 - Insert to lt_src_mrna_data.0 - linenr 2500000
2017/11/06 13:38:26 - Get pivoted file.0 - linenr 3000000
2017/11/06 13:38:27 - Check for numeric intensity.0 - linenr 3000000
2017/11/06 13:38:27 - Drop non-numeric data.0 - linenr 3000000
2017/11/06 13:38:29 - SAMPLE_REMAP_FILE present.0 - linenr 3000000
2017/11/06 13:38:29 - SAMPLE_SUFFIX present.0 - linenr 3000000
2017/11/06 13:38:30 - Remove SAMPLE_SUFFIX from sample_cd.0 - linenr 3000000
2017/11/06 13:38:30 - Select values 2.0 - linenr 3000000
2017/11/06 13:38:33 - Select values for mrna data.0 - linenr 3000000
2017/11/06 13:38:33 - Check if LOAD_TYPE = L.0 - linenr 3000000
2017/11/06 13:38:34 - Check if LOAD_TYPE = I.0 - linenr 3000000
2017/11/06 13:38:34 - Insert to lt_src_mrna_data.0 - linenr 3000000
2017/11/06 13:38:57 - Get pivoted file.0 - linenr 3500000
2017/11/06 13:38:58 - Check for numeric intensity.0 - linenr 3500000
2017/11/06 13:38:58 - Drop non-numeric data.0 - linenr 3500000
2017/11/06 13:38:59 - SAMPLE_REMAP_FILE present.0 - linenr 3500000
2017/11/06 13:39:00 - SAMPLE_SUFFIX present.0 - linenr 3500000
2017/11/06 13:39:01 - Remove SAMPLE_SUFFIX from sample_cd.0 - linenr 3500000
2017/11/06 13:39:02 - Select values 2.0 - linenr 3500000
2017/11/06 13:39:03 - Select values for mrna data.0 - linenr 3500000
2017/11/06 13:39:04 - Check if LOAD_TYPE = L.0 - linenr 3500000
2017/11/06 13:39:05 - Check if LOAD_TYPE = I.0 - linenr 3500000
2017/11/06 13:39:05 - Insert to lt_src_mrna_data.0 - linenr 3500000
2017/11/06 13:39:28 - Get pivoted file.0 - linenr 4000000
2017/11/06 13:39:29 - Check for numeric intensity.0 - linenr 4000000
2017/11/06 13:39:30 - Drop non-numeric data.0 - linenr 4000000
2017/11/06 13:39:32 - SAMPLE_REMAP_FILE present.0 - linenr 4000000
2017/11/06 13:39:32 - SAMPLE_SUFFIX present.0 - linenr 4000000
2017/11/06 13:39:33 - Remove SAMPLE_SUFFIX from sample_cd.0 - linenr 4000000
2017/11/06 13:39:33 - Select values 2.0 - linenr 4000000
2017/11/06 13:39:35 - Select values for mrna data.0 - linenr 4000000
2017/11/06 13:39:36 - Check if LOAD_TYPE = L.0 - linenr 4000000
2017/11/06 13:39:36 - Check if LOAD_TYPE = I.0 - linenr 4000000
2017/11/06 13:39:37 - Insert to lt_src_mrna_data.0 - linenr 4000000
2017/11/06 13:39:59 - Get pivoted file.0 - linenr 4500000
2017/11/06 13:40:00 - Check for numeric intensity.0 - linenr 4500000
2017/11/06 13:40:01 - Drop non-numeric data.0 - linenr 4500000
2017/11/06 13:40:02 - SAMPLE_REMAP_FILE present.0 - linenr 4500000
2017/11/06 13:40:02 - SAMPLE_SUFFIX present.0 - linenr 4500000
2017/11/06 13:40:03 - Remove SAMPLE_SUFFIX from sample_cd.0 - linenr 4500000
2017/11/06 13:40:04 - Select values 2.0 - linenr 4500000
2017/11/06 13:40:05 - Select values for mrna data.0 - linenr 4500000
2017/11/06 13:40:06 - Check if LOAD_TYPE = L.0 - linenr 4500000
2017/11/06 13:40:07 - Check if LOAD_TYPE = I.0 - linenr 4500000
2017/11/06 13:40:07 - Insert to lt_src_mrna_data.0 - linenr 4500000
2017/11/06 13:40:30 - Get pivoted file.0 - linenr 5000000
2017/11/06 13:40:31 - Check for numeric intensity.0 - linenr 5000000
2017/11/06 13:40:31 - Drop non-numeric data.0 - linenr 5000000
2017/11/06 13:40:33 - SAMPLE_REMAP_FILE present.0 - linenr 5000000
2017/11/06 13:40:33 - SAMPLE_SUFFIX present.0 - linenr 5000000
2017/11/06 13:40:34 - Remove SAMPLE_SUFFIX from sample_cd.0 - linenr 5000000
2017/11/06 13:40:34 - Select values 2.0 - linenr 5000000
2017/11/06 13:40:36 - Select values for mrna data.0 - linenr 5000000
2017/11/06 13:40:37 - Check if LOAD_TYPE = L.0 - linenr 5000000
2017/11/06 13:40:37 - Check if LOAD_TYPE = I.0 - linenr 5000000
2017/11/06 13:40:38 - Insert to lt_src_mrna_data.0 - linenr 5000000
2017/11/06 13:41:01 - Get pivoted file.0 - linenr 5500000
2017/11/06 13:41:02 - Check for numeric intensity.0 - linenr 5500000
2017/11/06 13:41:02 - Drop non-numeric data.0 - linenr 5500000
2017/11/06 13:41:03 - SAMPLE_REMAP_FILE present.0 - linenr 5500000
2017/11/06 13:41:04 - SAMPLE_SUFFIX present.0 - linenr 5500000
2017/11/06 13:41:05 - Remove SAMPLE_SUFFIX from sample_cd.0 - linenr 5500000
2017/11/06 13:41:05 - Select values 2.0 - linenr 5500000
2017/11/06 13:41:07 - Select values for mrna data.0 - linenr 5500000
2017/11/06 13:41:08 - Check if LOAD_TYPE = L.0 - linenr 5500000
2017/11/06 13:41:08 - Check if LOAD_TYPE = I.0 - linenr 5500000
2017/11/06 13:41:09 - Insert to lt_src_mrna_data.0 - linenr 5500000
2017/11/06 13:41:22 - Get pivoted file.0 - Finished processing (I=5832697, O=0, R=0, W=5832696, U=1, E=0)
2017/11/06 13:41:22 - Check for numeric intensity.0 - Finished processing (I=0, O=0, R=5832696, W=5832696, U=0, E=0)
2017/11/06 13:41:23 - Drop non-numeric data.0 - Finished processing (I=0, O=0, R=5832696, W=5832696, U=0, E=0)
2017/11/06 13:41:23 - Get sample variables.0 - Finished processing (I=0, O=0, R=5832696, W=5832696, U=0, E=0)
2017/11/06 13:41:24 - SAMPLE_REMAP_FILE present.0 - Finished processing (I=0, O=0, R=5832696, W=5832696, U=0, E=0)
2017/11/06 13:41:24 - SAMPLE_SUFFIX present.0 - Finished processing (I=0, O=0, R=5832696, W=5832696, U=0, E=0)
2017/11/06 13:41:25 - Remove SAMPLE_SUFFIX from sample_cd.0 - Finished processing (I=0, O=0, R=5832696, W=5832696, U=0, E=0)
2017/11/06 13:41:25 - Select values 2.0 - Finished processing (I=0, O=0, R=5832696, W=5832696, U=0, E=0)
2017/11/06 13:41:26 - Get Variables.0 - Finished processing (I=0, O=0, R=5832696, W=5832696, U=0, E=0)
2017/11/06 13:41:26 - Trim trial_name.0 - Finished processing (I=0, O=0, R=5832696, W=5832696, U=0, E=0)
2017/11/06 13:41:27 - Select values for mrna data.0 - Finished processing (I=0, O=0, R=5832696, W=5832696, U=0, E=0)
2017/11/06 13:41:28 - Check if LOAD_TYPE = L.0 - Finished processing (I=0, O=0, R=5832696, W=5832696, U=0, E=0)
2017/11/06 13:41:28 - Bulk Loader.0 - The input stream of this step and/or the PSQL process is null.  Load was not executed.
2017/11/06 13:41:28 - Check if LOAD_TYPE = I.0 - Finished processing (I=0, O=0, R=5832696, W=5832696, U=0, E=0)
2017/11/06 13:41:29 - Insert to lt_src_mrna_data.0 - Finished processing (I=0, O=5832696, R=5832696, W=5832696, U=0, E=0)
2017/11/06 13:41:29 - Get stats from steps.0 - Finished processing (I=0, O=0, R=4, W=4, U=0, E=0)
2017/11/06 13:41:29 - Copy rows to result.0 - Finished processing (I=0, O=0, R=4, W=4, U=0, E=0)
2017/11/06 13:41:29 - load_gene_expression_one_study - Starting entry [Check LOAD_TYPE = F]
2017/11/06 13:41:29 - load_gene_expression_one_study - Starting entry [Write gene expression audit]
2017/11/06 13:41:29 - Write gene expression audit - Loading transformation from XML file [file:///transmart/tranSMART-ETL/Postgres/GPL-1.0/Kettle/Kettle-ETL/write_gene_expression_audit.ktr]
2017/11/06 13:41:29 - write_gene_expression_audit - Dispatching started for transformation [write_gene_expression_audit]
2017/11/06 13:41:29 - Get Audit rows.0 - Finished processing (I=0, O=0, R=4, W=4, U=0, E=0)
2017/11/06 13:41:29 - Reset step names.0 - Finished processing (I=0, O=0, R=4, W=4, U=0, E=0)
2017/11/06 13:41:29 - Set step_number based on step_name.0 - Finished processing (I=0, O=0, R=4, W=4, U=0, E=0)
2017/11/06 13:41:29 - Sort audit records by step_number.0 - Finished processing (I=0, O=0, R=4, W=4, U=0, E=0)
2017/11/06 13:41:29 - Split for input and output counts.0 - Finished processing (I=0, O=0, R=4, W=4, U=0, E=0)
2017/11/06 13:41:29 - Set counts for output steps.0 - Finished processing (I=0, O=0, R=4, W=3, U=0, E=0)
2017/11/06 13:41:29 - Set step_number to numeric.0 - Finished processing (I=0, O=0, R=3, W=3, U=0, E=0)
2017/11/06 13:41:29 - Get Variables.0 - Finished processing (I=0, O=0, R=3, W=3, U=0, E=0)
2017/11/06 13:41:29 - Add proc_prefix, step_status.0 - Finished processing (I=0, O=0, R=3, W=3, U=0, E=0)
2017/11/06 13:41:29 - Create procedure_name.0 - Finished processing (I=0, O=0, R=3, W=3, U=0, E=0)
2017/11/06 13:41:29 - Call cz_write_audit.0 - Finished processing (I=0, O=0, R=3, W=3, U=0, E=0)
2017/11/06 13:41:29 - load_gene_expression_one_study - Starting entry [Delete file]
2017/11/06 13:41:29 - Delete file - File [/tmp/Neptune_V6_Exp_N1G-N2G-ComBatCorrected_pivot.txt] deleted!
2017/11/06 13:41:29 - load_gene_expression_one_study - Finished job entry [Delete file] (result=[true])
2017/11/06 13:41:29 - load_gene_expression_one_study - Finished job entry [Write gene expression audit] (result=[true])
2017/11/06 13:41:29 - load_gene_expression_one_study - Finished job entry [Check LOAD_TYPE = F] (result=[true])
2017/11/06 13:41:29 - load_gene_expression_one_study - Finished job entry [Load gene expression data to lz] (result=[true])
2017/11/06 13:41:29 - load_gene_expression_one_study - Finished job entry [Run FilePivot] (result=[true])
2017/11/06 13:41:29 - load_gene_expression_one_study - Finished job entry [Validate gene expression header has same nbr columns as data] (result=[true])
2017/11/06 13:41:29 - load_gene_expression_one_study - Finished job entry [Set gene expression filename as variable] (result=[true])
2017/11/06 13:41:29 - load_gene_expression_one_study - Starting entry [Set gene expression filename as variable]
2017/11/06 13:41:29 - Set gene expression filename as variable - Loading transformation from XML file [file:///transmart/tranSMART-ETL/Postgres/GPL-1.0/Kettle/Kettle-ETL/set_gene_expression_filename.ktr]
2017/11/06 13:41:29 - set_gene_expression_filename - Dispatching started for transformation [set_gene_expression_filename]
2017/11/06 13:41:29 - Get rows from result.0 - Finished processing (I=0, O=0, R=1, W=1, U=0, E=0)
2017/11/06 13:41:29 - Write to log.0 - 
2017/11/06 13:41:29 - Write to log.0 - ------------> Linenr 1------------------------------
2017/11/06 13:41:29 - Write to log.0 - *** Processing file ***
2017/11/06 13:41:29 - Write to log.0 - 
2017/11/06 13:41:29 - Write to log.0 - Neptune_V6_Exp_N1T_N2T-ComBatCorrected.txt
2017/11/06 13:41:29 - Write to log.0 - 
2017/11/06 13:41:29 - Write to log.0 - ====================
2017/11/06 13:41:29 - Set Variables.0 - Setting environment variables...
2017/11/06 13:41:29 - Set Variables.0 - Set variable FILENAME to value [Neptune_V6_Exp_N1T_N2T-ComBatCorrected.txt]
2017/11/06 13:41:29 - Set Variables.0 - Set variable FILENAME_NO_EXT to value [Neptune_V6_Exp_N1T_N2T-ComBatCorrected]
2017/11/06 13:41:29 - Write to log.0 - Finished processing (I=0, O=0, R=1, W=1, U=0, E=0)
2017/11/06 13:41:29 - Set Variables.0 - Finished after 1 rows.
2017/11/06 13:41:29 - Set Variables.0 - Finished processing (I=0, O=0, R=1, W=1, U=0, E=0)
2017/11/06 13:41:29 - load_gene_expression_one_study - Starting entry [Validate gene expression header has same nbr columns as data]
2017/11/06 13:41:29 - Validate gene expression header has same nbr columns as data - Loading transformation from XML file [file:///transmart/tranSMART-ETL/Postgres/GPL-1.0/Kettle/Kettle-ETL/validate_gene_expression_columns.ktr]
2017/11/06 13:41:30 - validate_gene_expression_columns - Dispatching started for transformation [validate_gene_expression_columns]
2017/11/06 13:41:30 - Get Header Row.0 - Opening file: file:///transmart/transmart-data/samples/studies/Neptune_V10/expression/Neptune_V6_Exp_N1T_N2T-ComBatCorrected.txt
2017/11/06 13:41:30 - Get first data row.0 - Opening file: file:///transmart/transmart-data/samples/studies/Neptune_V10/expression/Neptune_V6_Exp_N1T_N2T-ComBatCorrected.txt
2017/11/06 13:41:30 - Read all records.0 - Opening file: file:///transmart/transmart-data/samples/studies/Neptune_V10/expression/Neptune_V6_Exp_N1T_N2T-ComBatCorrected.txt
2017/11/06 13:41:30 - Get Header Row.0 - Finished processing (I=1, O=0, R=0, W=1, U=1, E=0)
2017/11/06 13:41:30 - Get first data row.0 - Finished processing (I=2, O=0, R=0, W=1, U=1, E=0)
2017/11/06 13:41:30 - Split data.0 - Finished processing (I=0, O=0, R=1, W=279, U=0, E=0)
2017/11/06 13:41:30 - Split header.0 - Finished processing (I=0, O=0, R=1, W=279, U=0, E=0)
2017/11/06 13:41:30 - Select data_col.0 - Finished processing (I=0, O=0, R=279, W=279, U=0, E=0)
2017/11/06 13:41:30 - Select hdr_col.0 - Finished processing (I=0, O=0, R=279, W=279, U=0, E=0)
2017/11/06 13:41:30 - Count data_col.0 - Finished processing (I=0, O=0, R=279, W=1, U=0, E=0)
2017/11/06 13:41:30 - Add join_col for data_ct.0 - Finished processing (I=0, O=0, R=1, W=1, U=0, E=0)
2017/11/06 13:41:30 - Count hdr_col.0 - Finished processing (I=0, O=0, R=279, W=1, U=0, E=0)
2017/11/06 13:41:30 - add join_col for hdr_ct.0 - Finished processing (I=0, O=0, R=1, W=1, U=0, E=0)
2017/11/06 13:41:30 - Join hdr_ct and data_ct.0 - Finished processing (I=0, O=0, R=2, W=1, U=0, E=0)
2017/11/06 13:41:30 - Nbr of header cols = nbr data cols.0 - Finished processing (I=0, O=0, R=1, W=1, U=0, E=0)
2017/11/06 13:41:30 - Get LOAD_TYPE.0 - Finished processing (I=0, O=0, R=1, W=1, U=0, E=0)
2017/11/06 13:41:30 - Check if LOAD_TYPE = F.0 - Finished processing (I=0, O=0, R=1, W=1, U=0, E=0)
2017/11/06 13:41:30 - constant 1.0 - Finished processing (I=0, O=0, R=1, W=1, U=0, E=0)
2017/11/06 13:41:30 - Subtract 1 from hdr_ct to get count of samples.0 - Finished processing (I=0, O=0, R=1, W=1, U=0, E=0)
2017/11/06 13:41:38 - Read all records.0 - Finished processing (I=25583, O=0, R=0, W=25582, U=1, E=0)
2017/11/06 13:41:38 - Count probesets.0 - Finished processing (I=0, O=0, R=25582, W=1, U=0, E=0)
2017/11/06 13:41:38 - add join_col for probeset_ct.0 - Finished processing (I=0, O=0, R=1, W=1, U=0, E=0)
2017/11/06 13:41:38 - Add probeset_ct to results.0 - Finished processing (I=0, O=0, R=2, W=1, U=0, E=0)
2017/11/06 13:41:38 - Select counts.0 - Finished processing (I=0, O=0, R=1, W=1, U=0, E=0)
2017/11/06 13:41:38 - Separate counts into 2 records.0 - Finished processing (I=0, O=0, R=1, W=2, U=0, E=0)
2017/11/06 13:41:38 - Add step_desc.0 - Finished processing (I=0, O=0, R=2, W=2, U=0, E=0)
2017/11/06 13:41:38 - Set step_desc to step_number.0 - Finished processing (I=0, O=0, R=2, W=2, U=0, E=0)
2017/11/06 13:41:38 - Convert step_nbr to integer.0 - Finished processing (I=0, O=0, R=2, W=2, U=0, E=0)
2017/11/06 13:41:38 - Set step_desc based on value from step_number.0 - Finished processing (I=0, O=0, R=2, W=2, U=0, E=0)
2017/11/06 13:41:38 - Get Variables.0 - Finished processing (I=0, O=0, R=2, W=2, U=0, E=0)
2017/11/06 13:41:38 - Add procedure_name.0 - Finished processing (I=0, O=0, R=2, W=2, U=0, E=0)
2017/11/06 13:41:38 - Call cz_write_audit.0 - Finished processing (I=0, O=0, R=2, W=2, U=0, E=0)
2017/11/06 13:41:38 - load_gene_expression_one_study - Starting entry [Run FilePivot]
2017/11/06 13:41:38 - Run FilePivot - Running on platform : Linux
2017/11/06 13:41:38 - Run FilePivot - Executing command : /tmp/kettle_1faaa179-c322-11e7-ba5d-514662a61400shell
2017/11/06 13:41:44 - load_gene_expression_one_study - Starting entry [Load gene expression data to lz]
2017/11/06 13:41:44 - Load gene expression data to lz - Loading transformation from XML file [file:///transmart/tranSMART-ETL/Postgres/GPL-1.0/Kettle/Kettle-ETL/load_gene_expression_data_to_lz.ktr]
2017/11/06 13:41:44 - load_gene_expression_data_to_lz - Dispatching started for transformation [load_gene_expression_data_to_lz]
2017/11/06 13:41:44 - Insert to lt_src_mrna_data.0 - Connected to database [TM_LZ] (commit=1000)
2017/11/06 13:41:44 - Get pivoted file.0 - Opening file: file:///tmp/Neptune_V6_Exp_N1T_N2T-ComBatCorrected_pivot.txt
2017/11/06 13:41:44 - Check for numeric intensity.0 - Optimization level set to 9.
2017/11/06 13:41:44 - Remove SAMPLE_SUFFIX from sample_cd.0 - Optimization level set to 9.
2017/11/06 13:42:13 - Get pivoted file.0 - linenr 500000
2017/11/06 13:42:13 - Check for numeric intensity.0 - linenr 500000
2017/11/06 13:42:17 - Drop non-numeric data.0 - linenr 500000
2017/11/06 13:42:18 - SAMPLE_REMAP_FILE present.0 - linenr 500000
2017/11/06 13:42:19 - SAMPLE_SUFFIX present.0 - linenr 500000
2017/11/06 13:42:19 - Remove SAMPLE_SUFFIX from sample_cd.0 - linenr 500000
2017/11/06 13:42:20 - Select values 2.0 - linenr 500000
2017/11/06 13:42:22 - Select values for mrna data.0 - linenr 500000
2017/11/06 13:42:22 - Check if LOAD_TYPE = L.0 - linenr 500000
2017/11/06 13:42:23 - Check if LOAD_TYPE = I.0 - linenr 500000
2017/11/06 13:42:24 - Insert to lt_src_mrna_data.0 - linenr 500000
2017/11/06 13:42:46 - Get pivoted file.0 - linenr 1000000
2017/11/06 13:42:47 - Check for numeric intensity.0 - linenr 1000000
2017/11/06 13:42:48 - Drop non-numeric data.0 - linenr 1000000
2017/11/06 13:42:49 - SAMPLE_REMAP_FILE present.0 - linenr 1000000
2017/11/06 13:42:50 - SAMPLE_SUFFIX present.0 - linenr 1000000
2017/11/06 13:42:50 - Remove SAMPLE_SUFFIX from sample_cd.0 - linenr 1000000
2017/11/06 13:42:51 - Select values 2.0 - linenr 1000000
2017/11/06 13:42:53 - Select values for mrna data.0 - linenr 1000000
2017/11/06 13:42:53 - Check if LOAD_TYPE = L.0 - linenr 1000000
2017/11/06 13:42:54 - Check if LOAD_TYPE = I.0 - linenr 1000000
2017/11/06 13:42:55 - Insert to lt_src_mrna_data.0 - linenr 1000000
2017/11/06 13:43:18 - Get pivoted file.0 - linenr 1500000
2017/11/06 13:43:19 - Check for numeric intensity.0 - linenr 1500000
2017/11/06 13:43:19 - Drop non-numeric data.0 - linenr 1500000
2017/11/06 13:43:21 - SAMPLE_REMAP_FILE present.0 - linenr 1500000
2017/11/06 13:43:21 - SAMPLE_SUFFIX present.0 - linenr 1500000
2017/11/06 13:43:22 - Remove SAMPLE_SUFFIX from sample_cd.0 - linenr 1500000
2017/11/06 13:43:22 - Select values 2.0 - linenr 1500000
2017/11/06 13:43:24 - Select values for mrna data.0 - linenr 1500000
2017/11/06 13:43:25 - Check if LOAD_TYPE = L.0 - linenr 1500000
2017/11/06 13:43:25 - Check if LOAD_TYPE = I.0 - linenr 1500000
2017/11/06 13:43:26 - Insert to lt_src_mrna_data.0 - linenr 1500000
2017/11/06 13:43:50 - Get pivoted file.0 - linenr 2000000
2017/11/06 13:43:51 - Check for numeric intensity.0 - linenr 2000000
2017/11/06 13:43:51 - Drop non-numeric data.0 - linenr 2000000
2017/11/06 13:43:52 - SAMPLE_REMAP_FILE present.0 - linenr 2000000
2017/11/06 13:43:53 - SAMPLE_SUFFIX present.0 - linenr 2000000
2017/11/06 13:43:54 - Remove SAMPLE_SUFFIX from sample_cd.0 - linenr 2000000
2017/11/06 13:43:54 - Select values 2.0 - linenr 2000000
2017/11/06 13:43:56 - Select values for mrna data.0 - linenr 2000000
2017/11/06 13:43:56 - Check if LOAD_TYPE = L.0 - linenr 2000000
2017/11/06 13:43:57 - Check if LOAD_TYPE = I.0 - linenr 2000000
2017/11/06 13:43:58 - Insert to lt_src_mrna_data.0 - linenr 2000000
2017/11/06 13:44:20 - Get pivoted file.0 - linenr 2500000
2017/11/06 13:44:21 - Check for numeric intensity.0 - linenr 2500000
2017/11/06 13:44:22 - Drop non-numeric data.0 - linenr 2500000
2017/11/06 13:44:23 - SAMPLE_REMAP_FILE present.0 - linenr 2500000
2017/11/06 13:44:23 - SAMPLE_SUFFIX present.0 - linenr 2500000
2017/11/06 13:44:24 - Remove SAMPLE_SUFFIX from sample_cd.0 - linenr 2500000
2017/11/06 13:44:24 - Select values 2.0 - linenr 2500000
2017/11/06 13:44:26 - Select values for mrna data.0 - linenr 2500000
2017/11/06 13:44:27 - Check if LOAD_TYPE = L.0 - linenr 2500000
2017/11/06 13:44:27 - Check if LOAD_TYPE = I.0 - linenr 2500000
2017/11/06 13:44:28 - Insert to lt_src_mrna_data.0 - linenr 2500000
2017/11/06 13:44:51 - Get pivoted file.0 - linenr 3000000
2017/11/06 13:44:51 - Check for numeric intensity.0 - linenr 3000000
2017/11/06 13:44:52 - Drop non-numeric data.0 - linenr 3000000
2017/11/06 13:44:53 - SAMPLE_REMAP_FILE present.0 - linenr 3000000
2017/11/06 13:44:54 - SAMPLE_SUFFIX present.0 - linenr 3000000
2017/11/06 13:44:54 - Remove SAMPLE_SUFFIX from sample_cd.0 - linenr 3000000
2017/11/06 13:44:55 - Select values 2.0 - linenr 3000000
2017/11/06 13:44:57 - Select values for mrna data.0 - linenr 3000000
2017/11/06 13:44:57 - Check if LOAD_TYPE = L.0 - linenr 3000000
2017/11/06 13:44:58 - Check if LOAD_TYPE = I.0 - linenr 3000000
2017/11/06 13:44:59 - Insert to lt_src_mrna_data.0 - linenr 3000000
2017/11/06 13:45:22 - Get pivoted file.0 - linenr 3500000
2017/11/06 13:45:22 - Check for numeric intensity.0 - linenr 3500000
2017/11/06 13:45:23 - Drop non-numeric data.0 - linenr 3500000
2017/11/06 13:45:24 - SAMPLE_REMAP_FILE present.0 - linenr 3500000
2017/11/06 13:45:25 - SAMPLE_SUFFIX present.0 - linenr 3500000
2017/11/06 13:45:26 - Remove SAMPLE_SUFFIX from sample_cd.0 - linenr 3500000
2017/11/06 13:45:26 - Select values 2.0 - linenr 3500000
2017/11/06 13:45:28 - Select values for mrna data.0 - linenr 3500000
2017/11/06 13:45:28 - Check if LOAD_TYPE = L.0 - linenr 3500000
2017/11/06 13:45:29 - Check if LOAD_TYPE = I.0 - linenr 3500000
2017/11/06 13:45:31 - Insert to lt_src_mrna_data.0 - linenr 3500000
2017/11/06 13:45:55 - Get pivoted file.0 - linenr 4000000
2017/11/06 13:45:55 - Check for numeric intensity.0 - linenr 4000000
2017/11/06 13:45:56 - Drop non-numeric data.0 - linenr 4000000
2017/11/06 13:45:57 - SAMPLE_REMAP_FILE present.0 - linenr 4000000
2017/11/06 13:45:58 - SAMPLE_SUFFIX present.0 - linenr 4000000
2017/11/06 13:45:58 - Remove SAMPLE_SUFFIX from sample_cd.0 - linenr 4000000
2017/11/06 13:45:59 - Select values 2.0 - linenr 4000000
2017/11/06 13:46:01 - Select values for mrna data.0 - linenr 4000000
2017/11/06 13:46:01 - Check if LOAD_TYPE = L.0 - linenr 4000000
2017/11/06 13:46:02 - Check if LOAD_TYPE = I.0 - linenr 4000000
2017/11/06 13:46:02 - Insert to lt_src_mrna_data.0 - linenr 4000000
2017/11/06 13:46:25 - Get pivoted file.0 - linenr 4500000
2017/11/06 13:46:25 - Check for numeric intensity.0 - linenr 4500000
2017/11/06 13:46:26 - Drop non-numeric data.0 - linenr 4500000
2017/11/06 13:46:27 - SAMPLE_REMAP_FILE present.0 - linenr 4500000
2017/11/06 13:46:28 - SAMPLE_SUFFIX present.0 - linenr 4500000
2017/11/06 13:46:28 - Remove SAMPLE_SUFFIX from sample_cd.0 - linenr 4500000
2017/11/06 13:46:29 - Select values 2.0 - linenr 4500000
2017/11/06 13:46:31 - Select values for mrna data.0 - linenr 4500000
2017/11/06 13:46:31 - Check if LOAD_TYPE = L.0 - linenr 4500000
2017/11/06 13:46:32 - Check if LOAD_TYPE = I.0 - linenr 4500000
2017/11/06 13:46:33 - Insert to lt_src_mrna_data.0 - linenr 4500000
2017/11/06 13:46:55 - Get pivoted file.0 - linenr 5000000
2017/11/06 13:46:56 - Check for numeric intensity.0 - linenr 5000000
2017/11/06 13:46:56 - Drop non-numeric data.0 - linenr 5000000
2017/11/06 13:46:58 - SAMPLE_REMAP_FILE present.0 - linenr 5000000
2017/11/06 13:46:58 - SAMPLE_SUFFIX present.0 - linenr 5000000
2017/11/06 13:46:59 - Remove SAMPLE_SUFFIX from sample_cd.0 - linenr 5000000
2017/11/06 13:46:59 - Select values 2.0 - linenr 5000000
2017/11/06 13:47:01 - Select values for mrna data.0 - linenr 5000000
2017/11/06 13:47:02 - Check if LOAD_TYPE = L.0 - linenr 5000000
2017/11/06 13:47:02 - Check if LOAD_TYPE = I.0 - linenr 5000000
2017/11/06 13:47:03 - Insert to lt_src_mrna_data.0 - linenr 5000000
2017/11/06 13:47:26 - Get pivoted file.0 - linenr 5500000
2017/11/06 13:47:27 - Check for numeric intensity.0 - linenr 5500000
2017/11/06 13:47:28 - Drop non-numeric data.0 - linenr 5500000
2017/11/06 13:47:29 - SAMPLE_REMAP_FILE present.0 - linenr 5500000
2017/11/06 13:47:29 - SAMPLE_SUFFIX present.0 - linenr 5500000
2017/11/06 13:47:30 - Remove SAMPLE_SUFFIX from sample_cd.0 - linenr 5500000
2017/11/06 13:47:31 - Select values 2.0 - linenr 5500000
2017/11/06 13:47:33 - Select values for mrna data.0 - linenr 5500000
2017/11/06 13:47:34 - Check if LOAD_TYPE = L.0 - linenr 5500000
2017/11/06 13:47:34 - Check if LOAD_TYPE = I.0 - linenr 5500000
2017/11/06 13:47:35 - Insert to lt_src_mrna_data.0 - linenr 5500000
2017/11/06 13:47:58 - Get pivoted file.0 - linenr 6000000
2017/11/06 13:47:58 - Check for numeric intensity.0 - linenr 6000000
2017/11/06 13:47:59 - Drop non-numeric data.0 - linenr 6000000
2017/11/06 13:48:00 - SAMPLE_REMAP_FILE present.0 - linenr 6000000
2017/11/06 13:48:01 - SAMPLE_SUFFIX present.0 - linenr 6000000
2017/11/06 13:48:01 - Remove SAMPLE_SUFFIX from sample_cd.0 - linenr 6000000
2017/11/06 13:48:02 - Select values 2.0 - linenr 6000000
2017/11/06 13:48:04 - Select values for mrna data.0 - linenr 6000000
2017/11/06 13:48:04 - Check if LOAD_TYPE = L.0 - linenr 6000000
2017/11/06 13:48:05 - Check if LOAD_TYPE = I.0 - linenr 6000000
2017/11/06 13:48:06 - Insert to lt_src_mrna_data.0 - linenr 6000000
2017/11/06 13:48:28 - Get pivoted file.0 - linenr 6500000
2017/11/06 13:48:28 - Check for numeric intensity.0 - linenr 6500000
2017/11/06 13:48:29 - Drop non-numeric data.0 - linenr 6500000
2017/11/06 13:48:30 - SAMPLE_REMAP_FILE present.0 - linenr 6500000
2017/11/06 13:48:31 - SAMPLE_SUFFIX present.0 - linenr 6500000
2017/11/06 13:48:31 - Remove SAMPLE_SUFFIX from sample_cd.0 - linenr 6500000
2017/11/06 13:48:32 - Select values 2.0 - linenr 6500000
2017/11/06 13:48:34 - Select values for mrna data.0 - linenr 6500000
2017/11/06 13:48:34 - Check if LOAD_TYPE = L.0 - linenr 6500000
2017/11/06 13:48:35 - Check if LOAD_TYPE = I.0 - linenr 6500000
2017/11/06 13:48:36 - Insert to lt_src_mrna_data.0 - linenr 6500000
2017/11/06 13:48:58 - Get pivoted file.0 - linenr 7000000
2017/11/06 13:48:58 - Check for numeric intensity.0 - linenr 7000000
2017/11/06 13:48:59 - Drop non-numeric data.0 - linenr 7000000
2017/11/06 13:49:00 - SAMPLE_REMAP_FILE present.0 - linenr 7000000
2017/11/06 13:49:01 - SAMPLE_SUFFIX present.0 - linenr 7000000
2017/11/06 13:49:01 - Remove SAMPLE_SUFFIX from sample_cd.0 - linenr 7000000
2017/11/06 13:49:02 - Select values 2.0 - linenr 7000000
2017/11/06 13:49:04 - Select values for mrna data.0 - linenr 7000000
2017/11/06 13:49:04 - Check if LOAD_TYPE = L.0 - linenr 7000000
2017/11/06 13:49:05 - Get pivoted file.0 - Finished processing (I=7111797, O=0, R=0, W=7111796, U=1, E=0)
2017/11/06 13:49:05 - Check if LOAD_TYPE = I.0 - linenr 7000000
2017/11/06 13:49:05 - Check for numeric intensity.0 - Finished processing (I=0, O=0, R=7111796, W=7111796, U=0, E=0)
2017/11/06 13:49:05 - Insert to lt_src_mrna_data.0 - linenr 7000000
2017/11/06 13:49:06 - Drop non-numeric data.0 - Finished processing (I=0, O=0, R=7111796, W=7111796, U=0, E=0)
2017/11/06 13:49:06 - Get sample variables.0 - Finished processing (I=0, O=0, R=7111796, W=7111796, U=0, E=0)
2017/11/06 13:49:07 - SAMPLE_REMAP_FILE present.0 - Finished processing (I=0, O=0, R=7111796, W=7111796, U=0, E=0)
2017/11/06 13:49:07 - SAMPLE_SUFFIX present.0 - Finished processing (I=0, O=0, R=7111796, W=7111796, U=0, E=0)
2017/11/06 13:49:07 - Remove SAMPLE_SUFFIX from sample_cd.0 - Finished processing (I=0, O=0, R=7111796, W=7111796, U=0, E=0)
2017/11/06 13:49:08 - Select values 2.0 - Finished processing (I=0, O=0, R=7111796, W=7111796, U=0, E=0)
2017/11/06 13:49:08 - Get Variables.0 - Finished processing (I=0, O=0, R=7111796, W=7111796, U=0, E=0)
2017/11/06 13:49:09 - Trim trial_name.0 - Finished processing (I=0, O=0, R=7111796, W=7111796, U=0, E=0)
2017/11/06 13:49:09 - Select values for mrna data.0 - Finished processing (I=0, O=0, R=7111796, W=7111796, U=0, E=0)
2017/11/06 13:49:10 - Check if LOAD_TYPE = L.0 - Finished processing (I=0, O=0, R=7111796, W=7111796, U=0, E=0)
2017/11/06 13:49:10 - Bulk Loader.0 - The input stream of this step and/or the PSQL process is null.  Load was not executed.
2017/11/06 13:49:10 - Check if LOAD_TYPE = I.0 - Finished processing (I=0, O=0, R=7111796, W=7111796, U=0, E=0)
2017/11/06 13:49:11 - Insert to lt_src_mrna_data.0 - Finished processing (I=0, O=7111796, R=7111796, W=7111796, U=0, E=0)
2017/11/06 13:49:11 - Get stats from steps.0 - Finished processing (I=0, O=0, R=4, W=4, U=0, E=0)
2017/11/06 13:49:11 - Copy rows to result.0 - Finished processing (I=0, O=0, R=4, W=4, U=0, E=0)
2017/11/06 13:49:11 - load_gene_expression_one_study - Starting entry [Check LOAD_TYPE = F]
2017/11/06 13:49:11 - load_gene_expression_one_study - Starting entry [Write gene expression audit]
2017/11/06 13:49:11 - Write gene expression audit - Loading transformation from XML file [file:///transmart/tranSMART-ETL/Postgres/GPL-1.0/Kettle/Kettle-ETL/write_gene_expression_audit.ktr]
2017/11/06 13:49:11 - write_gene_expression_audit - Dispatching started for transformation [write_gene_expression_audit]
2017/11/06 13:49:11 - Get Audit rows.0 - Finished processing (I=0, O=0, R=4, W=4, U=0, E=0)
2017/11/06 13:49:11 - Reset step names.0 - Finished processing (I=0, O=0, R=4, W=4, U=0, E=0)
2017/11/06 13:49:11 - Set step_number based on step_name.0 - Finished processing (I=0, O=0, R=4, W=4, U=0, E=0)
2017/11/06 13:49:11 - Sort audit records by step_number.0 - Finished processing (I=0, O=0, R=4, W=4, U=0, E=0)
2017/11/06 13:49:11 - Split for input and output counts.0 - Finished processing (I=0, O=0, R=4, W=4, U=0, E=0)
2017/11/06 13:49:11 - Set counts for output steps.0 - Finished processing (I=0, O=0, R=4, W=3, U=0, E=0)
2017/11/06 13:49:11 - Set step_number to numeric.0 - Finished processing (I=0, O=0, R=3, W=3, U=0, E=0)
2017/11/06 13:49:11 - Get Variables.0 - Finished processing (I=0, O=0, R=3, W=3, U=0, E=0)
2017/11/06 13:49:11 - Add proc_prefix, step_status.0 - Finished processing (I=0, O=0, R=3, W=3, U=0, E=0)
2017/11/06 13:49:11 - Create procedure_name.0 - Finished processing (I=0, O=0, R=3, W=3, U=0, E=0)
2017/11/06 13:49:11 - Call cz_write_audit.0 - Finished processing (I=0, O=0, R=3, W=3, U=0, E=0)
2017/11/06 13:49:11 - load_gene_expression_one_study - Starting entry [Delete file]
2017/11/06 13:49:11 - Delete file - File [/tmp/Neptune_V6_Exp_N1T_N2T-ComBatCorrected_pivot.txt] deleted!
2017/11/06 13:49:11 - load_gene_expression_one_study - Finished job entry [Delete file] (result=[true])
2017/11/06 13:49:11 - load_gene_expression_one_study - Finished job entry [Write gene expression audit] (result=[true])
2017/11/06 13:49:11 - load_gene_expression_one_study - Finished job entry [Check LOAD_TYPE = F] (result=[true])
2017/11/06 13:49:11 - load_gene_expression_one_study - Finished job entry [Load gene expression data to lz] (result=[true])
2017/11/06 13:49:11 - load_gene_expression_one_study - Finished job entry [Run FilePivot] (result=[true])
2017/11/06 13:49:11 - load_gene_expression_one_study - Finished job entry [Validate gene expression header has same nbr columns as data] (result=[true])
2017/11/06 13:49:11 - load_gene_expression_one_study - Finished job entry [Set gene expression filename as variable] (result=[true])
2017/11/06 13:49:11 - load_all_gene_expression_files_for_study - Finished job entry [load each file for study] (result=[true])
2017/11/06 13:49:11 - load_all_gene_expression_files_for_study - Finished job entry [Get list of filenames for Study] (result=[true])
2017/11/06 13:49:11 - load_all_gene_expression_files_for_study - Finished job entry [Load subject-sample map] (result=[true])
2017/11/06 13:49:11 - load_all_gene_expression_files_for_study - Finished job entry [truncate lt_src_mrna_data] (result=[true])
2017/11/06 13:49:11 - load_all_gene_expression_files_for_study - Finished job entry [Write study_id to audit] (result=[true])
2017/11/06 13:49:11 - load_all_gene_expression_files_for_study - Finished job entry [Check if file-only load] (result=[true])
2017/11/06 13:49:11 - load_gene_expression_data - Starting entry [Check for File Only load]
2017/11/06 13:49:11 - load_gene_expression_data - Starting entry [run i2b2_process_mrna_data]
2017/11/06 13:49:11 - run i2b2_process_mrna_data - Loading transformation from XML file [file:///transmart/tranSMART-ETL/Postgres/GPL-1.0/Kettle/Kettle-ETL/run_i2b2_process_mrna_data.ktr]
2017/11/06 13:49:11 - run_i2b2_process_mrna_data - Dispatching started for transformation [run_i2b2_process_mrna_data]
2017/11/06 13:49:11 - Get Variables.0 - Finished processing (I=0, O=0, R=1, W=1, U=0, E=0)
2017/11/06 13:49:11 - Write parameters.0 - 
2017/11/06 13:49:11 - Write parameters.0 - ------------> Linenr 1------------------------------
2017/11/06 13:49:11 - Write parameters.0 - *** i2b2_process_mrna_data ***
2017/11/06 13:49:11 - Write parameters.0 - 
2017/11/06 13:49:11 - Write parameters.0 - study_id = NEPTUNE_V10
2017/11/06 13:49:11 - Write parameters.0 - top_node = \Private Studies\Neptune_V10\
2017/11/06 13:49:11 - Write parameters.0 - data_type = T
2017/11/06 13:49:11 - Write parameters.0 - source_cd = STD
2017/11/06 13:49:11 - Write parameters.0 - log_base =  00000002
2017/11/06 13:49:11 - Write parameters.0 - security_required = Y
2017/11/06 13:49:11 - Write parameters.0 - job_id =  00000000000000000000000000007.00
2017/11/06 13:49:11 - Write parameters.0 - 
2017/11/06 13:49:11 - Write parameters.0 - ====================
2017/11/06 13:49:11 - Uppercase fields.0 - Finished processing (I=0, O=0, R=1, W=1, U=0, E=0)
2017/11/06 13:49:11 - Check for valid DATA_TYPE.0 - Finished processing (I=0, O=0, R=1, W=1, U=0, E=0)
2017/11/06 13:49:11 - Write parameters.0 - Finished processing (I=0, O=0, R=1, W=1, U=0, E=0)
2017/11/06 14:51:08 - Execute i2b2_process_mrna_data.0 - Finished processing (I=0, O=0, R=1, W=1, U=0, E=0)
2017/11/06 14:51:08 - Check for 1 return code.0 - Finished processing (I=0, O=0, R=1, W=1, U=0, E=0)
2017/11/06 14:51:08 - Dummy (do nothing).0 - Finished processing (I=0, O=0, R=1, W=1, U=0, E=0)
2017/11/06 14:51:08 - load_gene_expression_data - Starting entry [End Audit]
2017/11/06 14:51:08 - End Audit - Loading transformation from XML file [file:///transmart/tranSMART-ETL/Postgres/GPL-1.0/Kettle/Kettle-ETL/cz_end_audit.ktr]
2017/11/06 14:51:08 - cz_end_audit - Dispatching started for transformation [cz_end_audit]
2017/11/06 14:51:08 - Generate Rows.0 - Finished processing (I=0, O=0, R=0, W=1, U=0, E=0)
2017/11/06 14:51:08 - Get Job Name.0 - Finished processing (I=0, O=0, R=1, W=1, U=0, E=0)
2017/11/06 14:51:08 - Call cz_end_audit.0 - Finished processing (I=0, O=0, R=1, W=1, U=0, E=0)
2017/11/06 14:51:08 - load_gene_expression_data - Finished job entry [End Audit] (result=[true])
2017/11/06 14:51:08 - load_gene_expression_data - Finished job entry [run i2b2_process_mrna_data] (result=[true])
2017/11/06 14:51:08 - load_gene_expression_data - Finished job entry [Check for File Only load] (result=[true])
2017/11/06 14:51:08 - load_gene_expression_data - Finished job entry [Load All Gene Expression data for study] (result=[true])
2017/11/06 14:51:08 - load_gene_expression_data - Finished job entry [Start Audit] (result=[true])
2017/11/06 14:51:08 - load_gene_expression_data - Finished job entry [Check if subject-sample map file exists] (result=[true])
2017/11/06 14:51:08 - load_gene_expression_data - Finished job entry [Fail if number of files = 0] (result=[true])
2017/11/06 14:51:08 - load_gene_expression_data - Finished job entry [Check number of gene expression data files] (result=[true])
2017/11/06 14:51:08 - load_gene_expression_data - Finished job entry [Write To Log] (result=[true])
2017/11/06 14:51:08 - load_gene_expression_data - Finished job entry [Validate parameters] (result=[true])
2017/11/06 14:51:08 - load_gene_expression_data - Job execution finished
2017/11/06 14:51:08 - Kitchen - Finished!
2017/11/06 14:51:08 - Kitchen - Start=2017/11/06 13:34:49.679, Stop=2017/11/06 14:51:08.829
2017/11/06 14:51:08 - Kitchen - Processing ended after 1 hours, 16 minutes and 19 seconds (4579 seconds total).
make: Leaving directory `/transmart/transmart-data/samples/postgres'
