make: Entering directory `/transmart/transmart-data/samples/postgres'
php -d variables_order=E gen_kettle_properties.php > kettle-home/kettle.properties
STUDY_ID=Neptune_V16 DATA_LOCATION="/transmart/transmart-data/samples/studies/Neptune_V16/expression" \
		KETTLE_HOME="/transmart/transmart-data/samples/postgres/kettle-home" \
		./load_expression.sh ../studies/Neptune_V16/expression.params
Processing file ../studies/Neptune_V16/expression.params $PARAMS_FILENAME /transmart/transmart-data/samples/studies/Neptune_V16/expression.params
Info load_expression.sh: Sourced params file /transmart/transmart-data/samples/studies/Neptune_V16/expression.params
Info load_expression.sh: assuming STUDY_NAME=Neptune_V16
2018/10/08 12:51:27 - Kitchen - Start of run.
2018/10/08 12:51:28 - load_gene_expression_data - Start of job execution
2018/10/08 12:51:28 - load_gene_expression_data - Starting entry [Validate parameters]
2018/10/08 12:51:28 - Validate parameters - Loading transformation from XML file [file:///transmart/tranSMART-ETL/Postgres/GPL-1.0/Kettle/Kettle-ETL/validate_gene_expression_params.ktr]
2018/10/08 12:51:28 - validate_gene_expression_params - Dispatching started for transformation [validate_gene_expression_params]
2018/10/08 12:51:28 - Get variables for STUDY_ID, TOP_NODE, LOAD_TYPE, DATA_TYPE.0 - Finished processing (I=0, O=0, R=1, W=1, U=0, E=0)
2018/10/08 12:51:28 - Check STUDY_ID is not nul.0 - Finished processing (I=0, O=0, R=1, W=1, U=0, E=0)
2018/10/08 12:51:28 - Check TOP_NODE is not nul.0 - Finished processing (I=0, O=0, R=1, W=1, U=0, E=0)
2018/10/08 12:51:28 - Check LOAD_TYPE in I, L, F.0 - Finished processing (I=0, O=0, R=1, W=1, U=0, E=0)
2018/10/08 12:51:28 - Filter rows.0 - Finished processing (I=0, O=0, R=1, W=1, U=0, E=0)
2018/10/08 12:51:28 - Dummy (do nothing).0 - Finished processing (I=0, O=0, R=1, W=1, U=0, E=0)
2018/10/08 12:51:28 - load_gene_expression_data - Starting entry [Write To Log]
2018/10/08 12:51:28 - \Private Studies\Neptune_V16\  / LOAD_TYPE: I - This is the top level of the study and the LOAD_TYPE parameter
2018/10/08 12:51:28 - load_gene_expression_data - Starting entry [Check number of gene expression data files]
2018/10/08 12:51:28 - Check number of gene expression data files - Loading transformation from XML file [file:///transmart/tranSMART-ETL/Postgres/GPL-1.0/Kettle/Kettle-ETL/check_gene_expression_filenames.ktr]
2018/10/08 12:51:28 - check_gene_expression_filenames - Dispatching started for transformation [check_gene_expression_filenames]
2018/10/08 12:51:28 - Get File Names.0 - Finished processing (I=0, O=0, R=0, W=4, U=0, E=0)
2018/10/08 12:51:28 - Select values.0 - Finished processing (I=0, O=0, R=4, W=4, U=0, E=0)
2018/10/08 12:51:28 - Group by.0 - Finished processing (I=0, O=0, R=4, W=1, U=0, E=0)
2018/10/08 12:51:28 - Write to log.0 - 
2018/10/08 12:51:28 - Write to log.0 - ------------> Linenr 1------------------------------
2018/10/08 12:51:28 - Write to log.0 - *** Number of files to be processed ***
2018/10/08 12:51:28 - Write to log.0 - 
2018/10/08 12:51:28 - Write to log.0 - 4
2018/10/08 12:51:28 - Write to log.0 - 
2018/10/08 12:51:28 - Write to log.0 - ====================
2018/10/08 12:51:28 - Set Variables.0 - Setting environment variables...
2018/10/08 12:51:28 - Set Variables.0 - Set variable TOTAL_FILES to value [4]
2018/10/08 12:51:28 - Write to log.0 - Finished processing (I=0, O=0, R=1, W=1, U=0, E=0)
2018/10/08 12:51:28 - Set Variables.0 - Finished after 1 rows.
2018/10/08 12:51:28 - Set Variables.0 - Finished processing (I=0, O=0, R=1, W=1, U=0, E=0)
2018/10/08 12:51:28 - load_gene_expression_data - Starting entry [Fail if number of files = 0]
2018/10/08 12:51:28 - load_gene_expression_data - Starting entry [Check if subject-sample map file exists]
2018/10/08 12:51:28 - load_gene_expression_data - Starting entry [Start Audit]
2018/10/08 12:51:28 - Start Audit - Loading transformation from XML file [file:///transmart/tranSMART-ETL/Postgres/GPL-1.0/Kettle/Kettle-ETL/cz_start_audit.ktr]
2018/10/08 12:51:28 - cz_start_audit - Dispatching started for transformation [cz_start_audit]
2018/10/08 12:51:29 - Generate Rows.0 - Finished processing (I=0, O=0, R=0, W=1, U=0, E=0)
2018/10/08 12:51:29 - Get Job Name.0 - Finished processing (I=0, O=0, R=1, W=1, U=0, E=0)
2018/10/08 12:51:29 - Set Env for the job.0 - Setting environment variables...
2018/10/08 12:51:29 - Set Env for the job.0 - Set variable ETL_JOB_NAME to value [load_gene_expression_data]
2018/10/08 12:51:29 - Set Env for the job.0 - Set variable ETL_JOB_ID to value [7941]
2018/10/08 12:51:29 - Call cz_start_audit.0 - Finished processing (I=0, O=0, R=1, W=1, U=0, E=0)
2018/10/08 12:51:29 - Set Env for the job.0 - Finished after 1 rows.
2018/10/08 12:51:29 - Set Env for the job.0 - Finished processing (I=0, O=0, R=1, W=1, U=0, E=0)
2018/10/08 12:51:29 - load_gene_expression_data - Starting entry [Load All Gene Expression data for study]
2018/10/08 12:51:29 - load_all_gene_expression_files_for_study - Starting entry [Check if file-only load]
2018/10/08 12:51:29 - load_all_gene_expression_files_for_study - Starting entry [Write study_id to audit]
2018/10/08 12:51:29 - Write study_id to audit - Loading transformation from XML file [file:///transmart/tranSMART-ETL/Postgres/GPL-1.0/Kettle/Kettle-ETL/write_study_id_to_audit.ktr]
2018/10/08 12:51:29 - write_study_id_to_audit - Dispatching started for transformation [write_study_id_to_audit]
2018/10/08 12:51:29 - Get System Info.0 - Finished processing (I=0, O=0, R=1, W=1, U=0, E=0)
2018/10/08 12:51:29 - Get job_name, study_id.0 - Finished processing (I=0, O=0, R=1, W=1, U=0, E=0)
2018/10/08 12:51:29 - Add constants.0 - Finished processing (I=0, O=0, R=1, W=1, U=0, E=0)
2018/10/08 12:51:29 - Set procedure_name.0 - Finished processing (I=0, O=0, R=1, W=1, U=0, E=0)
2018/10/08 12:51:29 - Call cz_write_audit.0 - Finished processing (I=0, O=0, R=1, W=1, U=0, E=0)
2018/10/08 12:51:29 - load_all_gene_expression_files_for_study - Starting entry [truncate lt_src_mrna_data]
2018/10/08 12:51:29 - load_all_gene_expression_files_for_study - Starting entry [Load subject-sample map]
2018/10/08 12:51:29 - Load subject-sample map - Loading transformation from XML file [file:///transmart/tranSMART-ETL/Postgres/GPL-1.0/Kettle/Kettle-ETL/load_subject_sample_map_to_lt.ktr]
2018/10/08 12:51:29 - load_subject_sample_map_to_lt - Dispatching started for transformation [load_subject_sample_map_to_lt]
2018/10/08 12:51:29 - Insert to lt_src_mrna_subj_samp_map.0 - Connected to database [TM_LZ] (commit=1000)
2018/10/08 12:51:29 - Read subject-sample map file.0 - Opening file: file:///transmart/transmart-data/samples/studies/Neptune_V16/expression/Neptune_V6_Mapping.txt
2018/10/08 12:51:29 - Read subject-sample map file.0 - Finished processing (I=785, O=0, R=0, W=784, U=1, E=0)
2018/10/08 12:51:29 - Check for required fields.0 - Finished processing (I=0, O=0, R=784, W=784, U=0, E=0)
2018/10/08 12:51:29 - Uppercase study_id.0 - Finished processing (I=0, O=0, R=784, W=784, U=0, E=0)
2018/10/08 12:51:29 - Get SOURCE_CD.0 - Finished processing (I=0, O=0, R=784, W=784, U=0, E=0)
2018/10/08 12:51:29 - Get marker_type for platform.0 - Finished processing (I=1, O=0, R=784, W=784, U=0, E=0)
2018/10/08 12:51:29 - Select only Gene Expression marker_type.0 - Finished processing (I=0, O=0, R=784, W=784, U=0, E=0)
2018/10/08 12:51:29 - Select null or matching source_cd.0 - Finished processing (I=0, O=0, R=784, W=784, U=0, E=0)
2018/10/08 12:51:29 - Set null tissue_type to Unknown.0 - Finished processing (I=0, O=0, R=784, W=784, U=0, E=0)
2018/10/08 12:51:29 - Insert to lt_src_mrna_subj_samp_map.0 - Finished processing (I=0, O=784, R=784, W=784, U=0, E=0)
2018/10/08 12:51:29 - load_all_gene_expression_files_for_study - Starting entry [Get list of filenames for Study]
2018/10/08 12:51:29 - Get list of filenames for Study - Loading transformation from XML file [file:///transmart/tranSMART-ETL/Postgres/GPL-1.0/Kettle/Kettle-ETL/get_list_of_gene_expression_filenames.ktr]
2018/10/08 12:51:30 - get_list_of_gene_expression_filenames - Dispatching started for transformation [get_list_of_gene_expression_filenames]
2018/10/08 12:51:30 - Get File Names.0 - Finished processing (I=0, O=0, R=0, W=4, U=0, E=0)
2018/10/08 12:51:30 - Get filename with no extension.0 - Optimization level set to 9.
2018/10/08 12:51:30 - Get filename with no extension.0 - Finished processing (I=0, O=0, R=4, W=4, U=0, E=0)
2018/10/08 12:51:30 - Select values.0 - Finished processing (I=0, O=0, R=4, W=4, U=0, E=0)
2018/10/08 12:51:30 - Copy rows to result.0 - Finished processing (I=0, O=0, R=4, W=4, U=0, E=0)
2018/10/08 12:51:30 - load_all_gene_expression_files_for_study - Starting entry [load each file for study]
2018/10/08 12:51:30 - load_gene_expression_one_study - Starting entry [Set gene expression filename as variable]
2018/10/08 12:51:30 - Set gene expression filename as variable - Loading transformation from XML file [file:///transmart/tranSMART-ETL/Postgres/GPL-1.0/Kettle/Kettle-ETL/set_gene_expression_filename.ktr]
2018/10/08 12:51:30 - set_gene_expression_filename - Dispatching started for transformation [set_gene_expression_filename]
2018/10/08 12:51:30 - Get rows from result.0 - Finished processing (I=0, O=0, R=1, W=1, U=0, E=0)
2018/10/08 12:51:30 - Write to log.0 - 
2018/10/08 12:51:30 - Write to log.0 - ------------> Linenr 1------------------------------
2018/10/08 12:51:30 - Write to log.0 - *** Processing file ***
2018/10/08 12:51:30 - Write to log.0 - 
2018/10/08 12:51:30 - Write to log.0 - Neptune_V6_Exp_N1G-N2G-ComBatCorrected.txt
2018/10/08 12:51:30 - Write to log.0 - 
2018/10/08 12:51:30 - Write to log.0 - ====================
2018/10/08 12:51:30 - Write to log.0 - Finished processing (I=0, O=0, R=1, W=1, U=0, E=0)
2018/10/08 12:51:30 - Set Variables.0 - Setting environment variables...
2018/10/08 12:51:30 - Set Variables.0 - Set variable FILENAME to value [Neptune_V6_Exp_N1G-N2G-ComBatCorrected.txt]
2018/10/08 12:51:30 - Set Variables.0 - Set variable FILENAME_NO_EXT to value [Neptune_V6_Exp_N1G-N2G-ComBatCorrected]
2018/10/08 12:51:30 - Set Variables.0 - Finished after 1 rows.
2018/10/08 12:51:30 - Set Variables.0 - Finished processing (I=0, O=0, R=1, W=1, U=0, E=0)
2018/10/08 12:51:30 - load_gene_expression_one_study - Starting entry [Validate gene expression header has same nbr columns as data]
2018/10/08 12:51:30 - Validate gene expression header has same nbr columns as data - Loading transformation from XML file [file:///transmart/tranSMART-ETL/Postgres/GPL-1.0/Kettle/Kettle-ETL/validate_gene_expression_columns.ktr]
2018/10/08 12:51:30 - validate_gene_expression_columns - Dispatching started for transformation [validate_gene_expression_columns]
2018/10/08 12:51:30 - Get Header Row.0 - Opening file: file:///transmart/transmart-data/samples/studies/Neptune_V16/expression/Neptune_V6_Exp_N1G-N2G-ComBatCorrected.txt
2018/10/08 12:51:30 - Get Header Row.0 - Finished processing (I=1, O=0, R=0, W=1, U=1, E=0)
2018/10/08 12:51:30 - Get first data row.0 - Opening file: file:///transmart/transmart-data/samples/studies/Neptune_V16/expression/Neptune_V6_Exp_N1G-N2G-ComBatCorrected.txt
2018/10/08 12:51:30 - Read all records.0 - Opening file: file:///transmart/transmart-data/samples/studies/Neptune_V16/expression/Neptune_V6_Exp_N1G-N2G-ComBatCorrected.txt
2018/10/08 12:51:30 - Split header.0 - Finished processing (I=0, O=0, R=1, W=229, U=0, E=0)
2018/10/08 12:51:30 - Select hdr_col.0 - Finished processing (I=0, O=0, R=229, W=229, U=0, E=0)
2018/10/08 12:51:30 - Get first data row.0 - Finished processing (I=2, O=0, R=0, W=1, U=1, E=0)
2018/10/08 12:51:30 - Count hdr_col.0 - Finished processing (I=0, O=0, R=229, W=1, U=0, E=0)
2018/10/08 12:51:30 - Split data.0 - Finished processing (I=0, O=0, R=1, W=229, U=0, E=0)
2018/10/08 12:51:30 - add join_col for hdr_ct.0 - Finished processing (I=0, O=0, R=1, W=1, U=0, E=0)
2018/10/08 12:51:30 - Select data_col.0 - Finished processing (I=0, O=0, R=229, W=229, U=0, E=0)
2018/10/08 12:51:30 - Count data_col.0 - Finished processing (I=0, O=0, R=229, W=1, U=0, E=0)
2018/10/08 12:51:30 - Add join_col for data_ct.0 - Finished processing (I=0, O=0, R=1, W=1, U=0, E=0)
2018/10/08 12:51:31 - Join hdr_ct and data_ct.0 - Finished processing (I=0, O=0, R=2, W=1, U=0, E=0)
2018/10/08 12:51:31 - Nbr of header cols = nbr data cols.0 - Finished processing (I=0, O=0, R=1, W=1, U=0, E=0)
2018/10/08 12:51:31 - Get LOAD_TYPE.0 - Finished processing (I=0, O=0, R=1, W=1, U=0, E=0)
2018/10/08 12:51:31 - Check if LOAD_TYPE = F.0 - Finished processing (I=0, O=0, R=1, W=1, U=0, E=0)
2018/10/08 12:51:31 - constant 1.0 - Finished processing (I=0, O=0, R=1, W=1, U=0, E=0)
2018/10/08 12:51:31 - Subtract 1 from hdr_ct to get count of samples.0 - Finished processing (I=0, O=0, R=1, W=1, U=0, E=0)
2018/10/08 12:51:36 - Read all records.0 - Finished processing (I=25583, O=0, R=0, W=25582, U=1, E=0)
2018/10/08 12:51:36 - Count probesets.0 - Finished processing (I=0, O=0, R=25582, W=1, U=0, E=0)
2018/10/08 12:51:36 - add join_col for probeset_ct.0 - Finished processing (I=0, O=0, R=1, W=1, U=0, E=0)
2018/10/08 12:51:37 - Add probeset_ct to results.0 - Finished processing (I=0, O=0, R=2, W=1, U=0, E=0)
2018/10/08 12:51:37 - Select counts.0 - Finished processing (I=0, O=0, R=1, W=1, U=0, E=0)
2018/10/08 12:51:37 - Separate counts into 2 records.0 - Finished processing (I=0, O=0, R=1, W=2, U=0, E=0)
2018/10/08 12:51:37 - Add step_desc.0 - Finished processing (I=0, O=0, R=2, W=2, U=0, E=0)
2018/10/08 12:51:37 - Set step_desc to step_number.0 - Finished processing (I=0, O=0, R=2, W=2, U=0, E=0)
2018/10/08 12:51:37 - Convert step_nbr to integer.0 - Finished processing (I=0, O=0, R=2, W=2, U=0, E=0)
2018/10/08 12:51:37 - Set step_desc based on value from step_number.0 - Finished processing (I=0, O=0, R=2, W=2, U=0, E=0)
2018/10/08 12:51:37 - Get Variables.0 - Finished processing (I=0, O=0, R=2, W=2, U=0, E=0)
2018/10/08 12:51:37 - Add procedure_name.0 - Finished processing (I=0, O=0, R=2, W=2, U=0, E=0)
2018/10/08 12:51:37 - Call cz_write_audit.0 - Finished processing (I=0, O=0, R=2, W=2, U=0, E=0)
2018/10/08 12:51:37 - load_gene_expression_one_study - Starting entry [Run FilePivot]
2018/10/08 12:51:37 - Run FilePivot - Running on platform : Linux
2018/10/08 12:51:37 - Run FilePivot - Executing command : /tmp/kettle_6bc941f1-cb1a-11e8-9e88-eb499b511f5cshell
2018/10/08 12:51:39 - load_gene_expression_one_study - Starting entry [Load gene expression data to lz]
2018/10/08 12:51:39 - Load gene expression data to lz - Loading transformation from XML file [file:///transmart/tranSMART-ETL/Postgres/GPL-1.0/Kettle/Kettle-ETL/load_gene_expression_data_to_lz.ktr]
2018/10/08 12:51:39 - load_gene_expression_data_to_lz - Dispatching started for transformation [load_gene_expression_data_to_lz]
2018/10/08 12:51:39 - Insert to lt_src_mrna_data.0 - Connected to database [TM_LZ] (commit=1000)
2018/10/08 12:51:39 - Get pivoted file.0 - Opening file: file:///tmp/Neptune_V6_Exp_N1G-N2G-ComBatCorrected_pivot.txt
2018/10/08 12:51:39 - Check for numeric intensity.0 - Optimization level set to 9.
2018/10/08 12:51:40 - Remove SAMPLE_SUFFIX from sample_cd.0 - Optimization level set to 9.
2018/10/08 12:51:52 - Get pivoted file.0 - linenr 500000
2018/10/08 12:51:52 - Check for numeric intensity.0 - linenr 500000
2018/10/08 12:51:52 - Drop non-numeric data.0 - linenr 500000
2018/10/08 12:51:53 - SAMPLE_REMAP_FILE present.0 - linenr 500000
2018/10/08 12:51:53 - SAMPLE_SUFFIX present.0 - linenr 500000
2018/10/08 12:51:53 - Remove SAMPLE_SUFFIX from sample_cd.0 - linenr 500000
2018/10/08 12:51:53 - Select values 2.0 - linenr 500000
2018/10/08 12:51:54 - Select values for mrna data.0 - linenr 500000
2018/10/08 12:51:54 - Check if LOAD_TYPE = L.0 - linenr 500000
2018/10/08 12:51:55 - Check if LOAD_TYPE = I.0 - linenr 500000
2018/10/08 12:51:55 - Insert to lt_src_mrna_data.0 - linenr 500000
2018/10/08 12:52:03 - Get pivoted file.0 - linenr 1000000
2018/10/08 12:52:04 - Check for numeric intensity.0 - linenr 1000000
2018/10/08 12:52:04 - Drop non-numeric data.0 - linenr 1000000
2018/10/08 12:52:05 - SAMPLE_REMAP_FILE present.0 - linenr 1000000
2018/10/08 12:52:05 - SAMPLE_SUFFIX present.0 - linenr 1000000
2018/10/08 12:52:05 - Remove SAMPLE_SUFFIX from sample_cd.0 - linenr 1000000
2018/10/08 12:52:05 - Select values 2.0 - linenr 1000000
2018/10/08 12:52:06 - Select values for mrna data.0 - linenr 1000000
2018/10/08 12:52:06 - Check if LOAD_TYPE = L.0 - linenr 1000000
2018/10/08 12:52:06 - Check if LOAD_TYPE = I.0 - linenr 1000000
2018/10/08 12:52:07 - Insert to lt_src_mrna_data.0 - linenr 1000000
2018/10/08 12:52:18 - Get pivoted file.0 - linenr 1500000
2018/10/08 12:52:18 - Check for numeric intensity.0 - linenr 1500000
2018/10/08 12:52:19 - Drop non-numeric data.0 - linenr 1500000
2018/10/08 12:52:19 - SAMPLE_REMAP_FILE present.0 - linenr 1500000
2018/10/08 12:52:19 - SAMPLE_SUFFIX present.0 - linenr 1500000
2018/10/08 12:52:20 - Remove SAMPLE_SUFFIX from sample_cd.0 - linenr 1500000
2018/10/08 12:52:20 - Select values 2.0 - linenr 1500000
2018/10/08 12:52:21 - Select values for mrna data.0 - linenr 1500000
2018/10/08 12:52:21 - Check if LOAD_TYPE = L.0 - linenr 1500000
2018/10/08 12:52:21 - Check if LOAD_TYPE = I.0 - linenr 1500000
2018/10/08 12:52:21 - Insert to lt_src_mrna_data.0 - linenr 1500000
2018/10/08 12:52:30 - Get pivoted file.0 - linenr 2000000
2018/10/08 12:52:30 - Check for numeric intensity.0 - linenr 2000000
2018/10/08 12:52:30 - Drop non-numeric data.0 - linenr 2000000
2018/10/08 12:52:31 - SAMPLE_REMAP_FILE present.0 - linenr 2000000
2018/10/08 12:52:31 - SAMPLE_SUFFIX present.0 - linenr 2000000
2018/10/08 12:52:31 - Remove SAMPLE_SUFFIX from sample_cd.0 - linenr 2000000
2018/10/08 12:52:31 - Select values 2.0 - linenr 2000000
2018/10/08 12:52:32 - Select values for mrna data.0 - linenr 2000000
2018/10/08 12:52:32 - Check if LOAD_TYPE = L.0 - linenr 2000000
2018/10/08 12:52:33 - Check if LOAD_TYPE = I.0 - linenr 2000000
2018/10/08 12:52:33 - Insert to lt_src_mrna_data.0 - linenr 2000000
2018/10/08 12:52:42 - Get pivoted file.0 - linenr 2500000
2018/10/08 12:52:42 - Check for numeric intensity.0 - linenr 2500000
2018/10/08 12:52:42 - Drop non-numeric data.0 - linenr 2500000
2018/10/08 12:52:43 - SAMPLE_REMAP_FILE present.0 - linenr 2500000
2018/10/08 12:52:43 - SAMPLE_SUFFIX present.0 - linenr 2500000
2018/10/08 12:52:43 - Remove SAMPLE_SUFFIX from sample_cd.0 - linenr 2500000
2018/10/08 12:52:43 - Select values 2.0 - linenr 2500000
2018/10/08 12:52:44 - Select values for mrna data.0 - linenr 2500000
2018/10/08 12:52:44 - Check if LOAD_TYPE = L.0 - linenr 2500000
2018/10/08 12:52:44 - Check if LOAD_TYPE = I.0 - linenr 2500000
2018/10/08 12:52:45 - Insert to lt_src_mrna_data.0 - linenr 2500000
2018/10/08 12:52:53 - Get pivoted file.0 - linenr 3000000
2018/10/08 12:52:54 - Check for numeric intensity.0 - linenr 3000000
2018/10/08 12:52:54 - Drop non-numeric data.0 - linenr 3000000
2018/10/08 12:52:54 - SAMPLE_REMAP_FILE present.0 - linenr 3000000
2018/10/08 12:52:55 - SAMPLE_SUFFIX present.0 - linenr 3000000
2018/10/08 12:52:55 - Remove SAMPLE_SUFFIX from sample_cd.0 - linenr 3000000
2018/10/08 12:52:55 - Select values 2.0 - linenr 3000000
2018/10/08 12:52:56 - Select values for mrna data.0 - linenr 3000000
2018/10/08 12:52:56 - Check if LOAD_TYPE = L.0 - linenr 3000000
2018/10/08 12:52:56 - Check if LOAD_TYPE = I.0 - linenr 3000000
2018/10/08 12:52:56 - Insert to lt_src_mrna_data.0 - linenr 3000000
2018/10/08 12:53:05 - Get pivoted file.0 - linenr 3500000
2018/10/08 12:53:05 - Check for numeric intensity.0 - linenr 3500000
2018/10/08 12:53:06 - Drop non-numeric data.0 - linenr 3500000
2018/10/08 12:53:06 - SAMPLE_REMAP_FILE present.0 - linenr 3500000
2018/10/08 12:53:06 - SAMPLE_SUFFIX present.0 - linenr 3500000
2018/10/08 12:53:07 - Remove SAMPLE_SUFFIX from sample_cd.0 - linenr 3500000
2018/10/08 12:53:07 - Select values 2.0 - linenr 3500000
2018/10/08 12:53:08 - Select values for mrna data.0 - linenr 3500000
2018/10/08 12:53:08 - Check if LOAD_TYPE = L.0 - linenr 3500000
2018/10/08 12:53:08 - Check if LOAD_TYPE = I.0 - linenr 3500000
2018/10/08 12:53:08 - Insert to lt_src_mrna_data.0 - linenr 3500000
2018/10/08 12:53:17 - Get pivoted file.0 - linenr 4000000
2018/10/08 12:53:18 - Check for numeric intensity.0 - linenr 4000000
2018/10/08 12:53:18 - Drop non-numeric data.0 - linenr 4000000
2018/10/08 12:53:18 - SAMPLE_REMAP_FILE present.0 - linenr 4000000
2018/10/08 12:53:19 - SAMPLE_SUFFIX present.0 - linenr 4000000
2018/10/08 12:53:19 - Remove SAMPLE_SUFFIX from sample_cd.0 - linenr 4000000
2018/10/08 12:53:19 - Select values 2.0 - linenr 4000000
2018/10/08 12:53:20 - Select values for mrna data.0 - linenr 4000000
2018/10/08 12:53:20 - Check if LOAD_TYPE = L.0 - linenr 4000000
2018/10/08 12:53:20 - Check if LOAD_TYPE = I.0 - linenr 4000000
2018/10/08 12:53:21 - Insert to lt_src_mrna_data.0 - linenr 4000000
2018/10/08 12:53:30 - Get pivoted file.0 - linenr 4500000
2018/10/08 12:53:30 - Check for numeric intensity.0 - linenr 4500000
2018/10/08 12:53:30 - Drop non-numeric data.0 - linenr 4500000
2018/10/08 12:53:31 - SAMPLE_REMAP_FILE present.0 - linenr 4500000
2018/10/08 12:53:31 - SAMPLE_SUFFIX present.0 - linenr 4500000
2018/10/08 12:53:31 - Remove SAMPLE_SUFFIX from sample_cd.0 - linenr 4500000
2018/10/08 12:53:31 - Select values 2.0 - linenr 4500000
2018/10/08 12:53:32 - Select values for mrna data.0 - linenr 4500000
2018/10/08 12:53:32 - Check if LOAD_TYPE = L.0 - linenr 4500000
2018/10/08 12:53:33 - Check if LOAD_TYPE = I.0 - linenr 4500000
2018/10/08 12:53:33 - Insert to lt_src_mrna_data.0 - linenr 4500000
2018/10/08 12:53:41 - Get pivoted file.0 - linenr 5000000
2018/10/08 12:53:42 - Check for numeric intensity.0 - linenr 5000000
2018/10/08 12:53:42 - Drop non-numeric data.0 - linenr 5000000
2018/10/08 12:53:42 - SAMPLE_REMAP_FILE present.0 - linenr 5000000
2018/10/08 12:53:43 - SAMPLE_SUFFIX present.0 - linenr 5000000
2018/10/08 12:53:43 - Remove SAMPLE_SUFFIX from sample_cd.0 - linenr 5000000
2018/10/08 12:53:43 - Select values 2.0 - linenr 5000000
2018/10/08 12:53:44 - Select values for mrna data.0 - linenr 5000000
2018/10/08 12:53:44 - Check if LOAD_TYPE = L.0 - linenr 5000000
2018/10/08 12:53:44 - Check if LOAD_TYPE = I.0 - linenr 5000000
2018/10/08 12:53:45 - Insert to lt_src_mrna_data.0 - linenr 5000000
2018/10/08 12:53:53 - Get pivoted file.0 - linenr 5500000
2018/10/08 12:53:53 - Check for numeric intensity.0 - linenr 5500000
2018/10/08 12:53:53 - Drop non-numeric data.0 - linenr 5500000
2018/10/08 12:53:54 - SAMPLE_REMAP_FILE present.0 - linenr 5500000
2018/10/08 12:53:54 - SAMPLE_SUFFIX present.0 - linenr 5500000
2018/10/08 12:53:54 - Remove SAMPLE_SUFFIX from sample_cd.0 - linenr 5500000
2018/10/08 12:53:55 - Select values 2.0 - linenr 5500000
2018/10/08 12:53:55 - Select values for mrna data.0 - linenr 5500000
2018/10/08 12:53:56 - Check if LOAD_TYPE = L.0 - linenr 5500000
2018/10/08 12:53:56 - Check if LOAD_TYPE = I.0 - linenr 5500000
2018/10/08 12:53:56 - Insert to lt_src_mrna_data.0 - linenr 5500000
2018/10/08 12:54:00 - Get pivoted file.0 - Finished processing (I=5832697, O=0, R=0, W=5832696, U=1, E=0)
2018/10/08 12:54:01 - Check for numeric intensity.0 - Finished processing (I=0, O=0, R=5832696, W=5832696, U=0, E=0)
2018/10/08 12:54:01 - Drop non-numeric data.0 - Finished processing (I=0, O=0, R=5832696, W=5832696, U=0, E=0)
2018/10/08 12:54:01 - Get sample variables.0 - Finished processing (I=0, O=0, R=5832696, W=5832696, U=0, E=0)
2018/10/08 12:54:01 - SAMPLE_REMAP_FILE present.0 - Finished processing (I=0, O=0, R=5832696, W=5832696, U=0, E=0)
2018/10/08 12:54:02 - SAMPLE_SUFFIX present.0 - Finished processing (I=0, O=0, R=5832696, W=5832696, U=0, E=0)
2018/10/08 12:54:02 - Remove SAMPLE_SUFFIX from sample_cd.0 - Finished processing (I=0, O=0, R=5832696, W=5832696, U=0, E=0)
2018/10/08 12:54:02 - Select values 2.0 - Finished processing (I=0, O=0, R=5832696, W=5832696, U=0, E=0)
2018/10/08 12:54:02 - Get Variables.0 - Finished processing (I=0, O=0, R=5832696, W=5832696, U=0, E=0)
2018/10/08 12:54:02 - Trim trial_name.0 - Finished processing (I=0, O=0, R=5832696, W=5832696, U=0, E=0)
2018/10/08 12:54:02 - Select values for mrna data.0 - Finished processing (I=0, O=0, R=5832696, W=5832696, U=0, E=0)
2018/10/08 12:54:03 - Check if LOAD_TYPE = L.0 - Finished processing (I=0, O=0, R=5832696, W=5832696, U=0, E=0)
2018/10/08 12:54:03 - Bulk Loader.0 - The input stream of this step and/or the PSQL process is null.  Load was not executed.
2018/10/08 12:54:03 - Check if LOAD_TYPE = I.0 - Finished processing (I=0, O=0, R=5832696, W=5832696, U=0, E=0)
2018/10/08 12:54:03 - Insert to lt_src_mrna_data.0 - Finished processing (I=0, O=5832696, R=5832696, W=5832696, U=0, E=0)
2018/10/08 12:54:03 - Get stats from steps.0 - Finished processing (I=0, O=0, R=4, W=4, U=0, E=0)
2018/10/08 12:54:03 - Copy rows to result.0 - Finished processing (I=0, O=0, R=4, W=4, U=0, E=0)
2018/10/08 12:54:03 - load_gene_expression_one_study - Starting entry [Check LOAD_TYPE = F]
2018/10/08 12:54:03 - load_gene_expression_one_study - Starting entry [Write gene expression audit]
2018/10/08 12:54:03 - Write gene expression audit - Loading transformation from XML file [file:///transmart/tranSMART-ETL/Postgres/GPL-1.0/Kettle/Kettle-ETL/write_gene_expression_audit.ktr]
2018/10/08 12:54:03 - write_gene_expression_audit - Dispatching started for transformation [write_gene_expression_audit]
2018/10/08 12:54:03 - Get Audit rows.0 - Finished processing (I=0, O=0, R=4, W=4, U=0, E=0)
2018/10/08 12:54:03 - Reset step names.0 - Finished processing (I=0, O=0, R=4, W=4, U=0, E=0)
2018/10/08 12:54:03 - Set step_number based on step_name.0 - Finished processing (I=0, O=0, R=4, W=4, U=0, E=0)
2018/10/08 12:54:03 - Sort audit records by step_number.0 - Finished processing (I=0, O=0, R=4, W=4, U=0, E=0)
2018/10/08 12:54:03 - Split for input and output counts.0 - Finished processing (I=0, O=0, R=4, W=4, U=0, E=0)
2018/10/08 12:54:03 - Set counts for output steps.0 - Finished processing (I=0, O=0, R=4, W=3, U=0, E=0)
2018/10/08 12:54:03 - Set step_number to numeric.0 - Finished processing (I=0, O=0, R=3, W=3, U=0, E=0)
2018/10/08 12:54:03 - Get Variables.0 - Finished processing (I=0, O=0, R=3, W=3, U=0, E=0)
2018/10/08 12:54:03 - Add proc_prefix, step_status.0 - Finished processing (I=0, O=0, R=3, W=3, U=0, E=0)
2018/10/08 12:54:03 - Create procedure_name.0 - Finished processing (I=0, O=0, R=3, W=3, U=0, E=0)
2018/10/08 12:54:03 - Call cz_write_audit.0 - Finished processing (I=0, O=0, R=3, W=3, U=0, E=0)
2018/10/08 12:54:03 - load_gene_expression_one_study - Starting entry [Delete file]
2018/10/08 12:54:03 - Delete file - File [/tmp/Neptune_V6_Exp_N1G-N2G-ComBatCorrected_pivot.txt] deleted!
2018/10/08 12:54:03 - load_gene_expression_one_study - Finished job entry [Delete file] (result=[true])
2018/10/08 12:54:03 - load_gene_expression_one_study - Finished job entry [Write gene expression audit] (result=[true])
2018/10/08 12:54:03 - load_gene_expression_one_study - Finished job entry [Check LOAD_TYPE = F] (result=[true])
2018/10/08 12:54:03 - load_gene_expression_one_study - Finished job entry [Load gene expression data to lz] (result=[true])
2018/10/08 12:54:03 - load_gene_expression_one_study - Finished job entry [Run FilePivot] (result=[true])
2018/10/08 12:54:03 - load_gene_expression_one_study - Finished job entry [Validate gene expression header has same nbr columns as data] (result=[true])
2018/10/08 12:54:03 - load_gene_expression_one_study - Finished job entry [Set gene expression filename as variable] (result=[true])
2018/10/08 12:54:03 - load_gene_expression_one_study - Starting entry [Set gene expression filename as variable]
2018/10/08 12:54:03 - Set gene expression filename as variable - Loading transformation from XML file [file:///transmart/tranSMART-ETL/Postgres/GPL-1.0/Kettle/Kettle-ETL/set_gene_expression_filename.ktr]
2018/10/08 12:54:03 - set_gene_expression_filename - Dispatching started for transformation [set_gene_expression_filename]
2018/10/08 12:54:03 - Get rows from result.0 - Finished processing (I=0, O=0, R=1, W=1, U=0, E=0)
2018/10/08 12:54:03 - Write to log.0 - 
2018/10/08 12:54:03 - Write to log.0 - ------------> Linenr 1------------------------------
2018/10/08 12:54:03 - Write to log.0 - *** Processing file ***
2018/10/08 12:54:03 - Write to log.0 - 
2018/10/08 12:54:03 - Write to log.0 - Neptune_V6_Exp_N1G_N2G_N3bG-CombatCorrected_Glom_noped.txt
2018/10/08 12:54:03 - Write to log.0 - 
2018/10/08 12:54:03 - Write to log.0 - ====================
2018/10/08 12:54:03 - Set Variables.0 - Setting environment variables...
2018/10/08 12:54:03 - Set Variables.0 - Set variable FILENAME to value [Neptune_V6_Exp_N1G_N2G_N3bG-CombatCorrected_Glom_noped.txt]
2018/10/08 12:54:03 - Set Variables.0 - Set variable FILENAME_NO_EXT to value [Neptune_V6_Exp_N1G_N2G_N3bG-CombatCorrected_Glom_noped]
2018/10/08 12:54:03 - Write to log.0 - Finished processing (I=0, O=0, R=1, W=1, U=0, E=0)
2018/10/08 12:54:03 - Set Variables.0 - Finished after 1 rows.
2018/10/08 12:54:03 - Set Variables.0 - Finished processing (I=0, O=0, R=1, W=1, U=0, E=0)
2018/10/08 12:54:03 - load_gene_expression_one_study - Starting entry [Validate gene expression header has same nbr columns as data]
2018/10/08 12:54:03 - Validate gene expression header has same nbr columns as data - Loading transformation from XML file [file:///transmart/tranSMART-ETL/Postgres/GPL-1.0/Kettle/Kettle-ETL/validate_gene_expression_columns.ktr]
2018/10/08 12:54:03 - validate_gene_expression_columns - Dispatching started for transformation [validate_gene_expression_columns]
2018/10/08 12:54:03 - Get Header Row.0 - Opening file: file:///transmart/transmart-data/samples/studies/Neptune_V16/expression/Neptune_V6_Exp_N1G_N2G_N3bG-CombatCorrected_Glom_noped.txt
2018/10/08 12:54:03 - Get first data row.0 - Opening file: file:///transmart/transmart-data/samples/studies/Neptune_V16/expression/Neptune_V6_Exp_N1G_N2G_N3bG-CombatCorrected_Glom_noped.txt
2018/10/08 12:54:03 - Read all records.0 - Opening file: file:///transmart/transmart-data/samples/studies/Neptune_V16/expression/Neptune_V6_Exp_N1G_N2G_N3bG-CombatCorrected_Glom_noped.txt
2018/10/08 12:54:03 - Get Header Row.0 - Finished processing (I=1, O=0, R=0, W=1, U=1, E=0)
2018/10/08 12:54:03 - Get first data row.0 - Finished processing (I=2, O=0, R=0, W=1, U=1, E=0)
2018/10/08 12:54:03 - Split header.0 - Finished processing (I=0, O=0, R=1, W=150, U=0, E=0)
2018/10/08 12:54:03 - Split data.0 - Finished processing (I=0, O=0, R=1, W=150, U=0, E=0)
2018/10/08 12:54:03 - Select hdr_col.0 - Finished processing (I=0, O=0, R=150, W=150, U=0, E=0)
2018/10/08 12:54:03 - Select data_col.0 - Finished processing (I=0, O=0, R=150, W=150, U=0, E=0)
2018/10/08 12:54:03 - Count hdr_col.0 - Finished processing (I=0, O=0, R=150, W=1, U=0, E=0)
2018/10/08 12:54:03 - Count data_col.0 - Finished processing (I=0, O=0, R=150, W=1, U=0, E=0)
2018/10/08 12:54:03 - add join_col for hdr_ct.0 - Finished processing (I=0, O=0, R=1, W=1, U=0, E=0)
2018/10/08 12:54:03 - Add join_col for data_ct.0 - Finished processing (I=0, O=0, R=1, W=1, U=0, E=0)
2018/10/08 12:54:04 - Join hdr_ct and data_ct.0 - Finished processing (I=0, O=0, R=2, W=1, U=0, E=0)
2018/10/08 12:54:04 - Nbr of header cols = nbr data cols.0 - Finished processing (I=0, O=0, R=1, W=1, U=0, E=0)
2018/10/08 12:54:04 - Get LOAD_TYPE.0 - Finished processing (I=0, O=0, R=1, W=1, U=0, E=0)
2018/10/08 12:54:04 - Check if LOAD_TYPE = F.0 - Finished processing (I=0, O=0, R=1, W=1, U=0, E=0)
2018/10/08 12:54:04 - constant 1.0 - Finished processing (I=0, O=0, R=1, W=1, U=0, E=0)
2018/10/08 12:54:04 - Subtract 1 from hdr_ct to get count of samples.0 - Finished processing (I=0, O=0, R=1, W=1, U=0, E=0)
2018/10/08 12:54:07 - Read all records.0 - Finished processing (I=25583, O=0, R=0, W=25582, U=1, E=0)
2018/10/08 12:54:07 - Count probesets.0 - Finished processing (I=0, O=0, R=25582, W=1, U=0, E=0)
2018/10/08 12:54:07 - add join_col for probeset_ct.0 - Finished processing (I=0, O=0, R=1, W=1, U=0, E=0)
2018/10/08 12:54:07 - Add probeset_ct to results.0 - Finished processing (I=0, O=0, R=2, W=1, U=0, E=0)
2018/10/08 12:54:07 - Select counts.0 - Finished processing (I=0, O=0, R=1, W=1, U=0, E=0)
2018/10/08 12:54:07 - Separate counts into 2 records.0 - Finished processing (I=0, O=0, R=1, W=2, U=0, E=0)
2018/10/08 12:54:08 - Add step_desc.0 - Finished processing (I=0, O=0, R=2, W=2, U=0, E=0)
2018/10/08 12:54:08 - Set step_desc to step_number.0 - Finished processing (I=0, O=0, R=2, W=2, U=0, E=0)
2018/10/08 12:54:08 - Convert step_nbr to integer.0 - Finished processing (I=0, O=0, R=2, W=2, U=0, E=0)
2018/10/08 12:54:08 - Set step_desc based on value from step_number.0 - Finished processing (I=0, O=0, R=2, W=2, U=0, E=0)
2018/10/08 12:54:08 - Get Variables.0 - Finished processing (I=0, O=0, R=2, W=2, U=0, E=0)
2018/10/08 12:54:08 - Add procedure_name.0 - Finished processing (I=0, O=0, R=2, W=2, U=0, E=0)
2018/10/08 12:54:08 - Call cz_write_audit.0 - Finished processing (I=0, O=0, R=2, W=2, U=0, E=0)
2018/10/08 12:54:08 - load_gene_expression_one_study - Starting entry [Run FilePivot]
2018/10/08 12:54:08 - Run FilePivot - Running on platform : Linux
2018/10/08 12:54:08 - Run FilePivot - Executing command : /tmp/kettle_c5a93902-cb1a-11e8-9e88-eb499b511f5cshell
2018/10/08 12:54:09 - load_gene_expression_one_study - Starting entry [Load gene expression data to lz]
2018/10/08 12:54:09 - Load gene expression data to lz - Loading transformation from XML file [file:///transmart/tranSMART-ETL/Postgres/GPL-1.0/Kettle/Kettle-ETL/load_gene_expression_data_to_lz.ktr]
2018/10/08 12:54:09 - load_gene_expression_data_to_lz - Dispatching started for transformation [load_gene_expression_data_to_lz]
2018/10/08 12:54:09 - Insert to lt_src_mrna_data.0 - Connected to database [TM_LZ] (commit=1000)
2018/10/08 12:54:09 - Get pivoted file.0 - Opening file: file:///tmp/Neptune_V6_Exp_N1G_N2G_N3bG-CombatCorrected_Glom_noped_pivot.txt
2018/10/08 12:54:09 - Check for numeric intensity.0 - Optimization level set to 9.
2018/10/08 12:54:09 - Remove SAMPLE_SUFFIX from sample_cd.0 - Optimization level set to 9.
2018/10/08 12:54:20 - Get pivoted file.0 - linenr 500000
2018/10/08 12:54:20 - Check for numeric intensity.0 - linenr 500000
2018/10/08 12:54:20 - Drop non-numeric data.0 - linenr 500000
2018/10/08 12:54:21 - SAMPLE_REMAP_FILE present.0 - linenr 500000
2018/10/08 12:54:21 - SAMPLE_SUFFIX present.0 - linenr 500000
2018/10/08 12:54:21 - Remove SAMPLE_SUFFIX from sample_cd.0 - linenr 500000
2018/10/08 12:54:21 - Select values 2.0 - linenr 500000
2018/10/08 12:54:22 - Select values for mrna data.0 - linenr 500000
2018/10/08 12:54:22 - Check if LOAD_TYPE = L.0 - linenr 500000
2018/10/08 12:54:23 - Check if LOAD_TYPE = I.0 - linenr 500000
2018/10/08 12:54:23 - Insert to lt_src_mrna_data.0 - linenr 500000
2018/10/08 12:54:32 - Get pivoted file.0 - linenr 1000000
2018/10/08 12:54:32 - Check for numeric intensity.0 - linenr 1000000
2018/10/08 12:54:32 - Drop non-numeric data.0 - linenr 1000000
2018/10/08 12:54:33 - SAMPLE_REMAP_FILE present.0 - linenr 1000000
2018/10/08 12:54:33 - SAMPLE_SUFFIX present.0 - linenr 1000000
2018/10/08 12:54:33 - Remove SAMPLE_SUFFIX from sample_cd.0 - linenr 1000000
2018/10/08 12:54:33 - Select values 2.0 - linenr 1000000
2018/10/08 12:54:34 - Select values for mrna data.0 - linenr 1000000
2018/10/08 12:54:34 - Check if LOAD_TYPE = L.0 - linenr 1000000
2018/10/08 12:54:34 - Check if LOAD_TYPE = I.0 - linenr 1000000
2018/10/08 12:54:35 - Insert to lt_src_mrna_data.0 - linenr 1000000
2018/10/08 12:54:46 - Get pivoted file.0 - linenr 1500000
2018/10/08 12:54:46 - Check for numeric intensity.0 - linenr 1500000
2018/10/08 12:54:46 - Drop non-numeric data.0 - linenr 1500000
2018/10/08 12:54:47 - SAMPLE_REMAP_FILE present.0 - linenr 1500000
2018/10/08 12:54:47 - SAMPLE_SUFFIX present.0 - linenr 1500000
2018/10/08 12:54:47 - Remove SAMPLE_SUFFIX from sample_cd.0 - linenr 1500000
2018/10/08 12:54:48 - Select values 2.0 - linenr 1500000
2018/10/08 12:54:48 - Select values for mrna data.0 - linenr 1500000
2018/10/08 12:54:49 - Check if LOAD_TYPE = L.0 - linenr 1500000
2018/10/08 12:54:49 - Check if LOAD_TYPE = I.0 - linenr 1500000
2018/10/08 12:54:49 - Insert to lt_src_mrna_data.0 - linenr 1500000
2018/10/08 12:54:58 - Get pivoted file.0 - linenr 2000000
2018/10/08 12:54:58 - Check for numeric intensity.0 - linenr 2000000
2018/10/08 12:54:58 - Drop non-numeric data.0 - linenr 2000000
2018/10/08 12:54:59 - SAMPLE_REMAP_FILE present.0 - linenr 2000000
2018/10/08 12:55:00 - SAMPLE_SUFFIX present.0 - linenr 2000000
2018/10/08 12:55:00 - Remove SAMPLE_SUFFIX from sample_cd.0 - linenr 2000000
2018/10/08 12:55:00 - Select values 2.0 - linenr 2000000
2018/10/08 12:55:01 - Select values for mrna data.0 - linenr 2000000
2018/10/08 12:55:01 - Check if LOAD_TYPE = L.0 - linenr 2000000
2018/10/08 12:55:01 - Check if LOAD_TYPE = I.0 - linenr 2000000
2018/10/08 12:55:01 - Insert to lt_src_mrna_data.0 - linenr 2000000
2018/10/08 12:55:11 - Get pivoted file.0 - linenr 2500000
2018/10/08 12:55:11 - Check for numeric intensity.0 - linenr 2500000
2018/10/08 12:55:11 - Drop non-numeric data.0 - linenr 2500000
2018/10/08 12:55:12 - SAMPLE_REMAP_FILE present.0 - linenr 2500000
2018/10/08 12:55:12 - SAMPLE_SUFFIX present.0 - linenr 2500000
2018/10/08 12:55:12 - Remove SAMPLE_SUFFIX from sample_cd.0 - linenr 2500000
2018/10/08 12:55:13 - Select values 2.0 - linenr 2500000
2018/10/08 12:55:13 - Select values for mrna data.0 - linenr 2500000
2018/10/08 12:55:13 - Check if LOAD_TYPE = L.0 - linenr 2500000
2018/10/08 12:55:14 - Check if LOAD_TYPE = I.0 - linenr 2500000
2018/10/08 12:55:14 - Insert to lt_src_mrna_data.0 - linenr 2500000
2018/10/08 12:55:23 - Get pivoted file.0 - linenr 3000000
2018/10/08 12:55:23 - Check for numeric intensity.0 - linenr 3000000
2018/10/08 12:55:24 - Drop non-numeric data.0 - linenr 3000000
2018/10/08 12:55:24 - SAMPLE_REMAP_FILE present.0 - linenr 3000000
2018/10/08 12:55:24 - SAMPLE_SUFFIX present.0 - linenr 3000000
2018/10/08 12:55:25 - Remove SAMPLE_SUFFIX from sample_cd.0 - linenr 3000000
2018/10/08 12:55:25 - Select values 2.0 - linenr 3000000
2018/10/08 12:55:25 - Select values for mrna data.0 - linenr 3000000
2018/10/08 12:55:26 - Check if LOAD_TYPE = L.0 - linenr 3000000
2018/10/08 12:55:26 - Check if LOAD_TYPE = I.0 - linenr 3000000
2018/10/08 12:55:26 - Insert to lt_src_mrna_data.0 - linenr 3000000
2018/10/08 12:55:35 - Get pivoted file.0 - linenr 3500000
2018/10/08 12:55:36 - Check for numeric intensity.0 - linenr 3500000
2018/10/08 12:55:36 - Drop non-numeric data.0 - linenr 3500000
2018/10/08 12:55:36 - SAMPLE_REMAP_FILE present.0 - linenr 3500000
2018/10/08 12:55:37 - SAMPLE_SUFFIX present.0 - linenr 3500000
2018/10/08 12:55:37 - Remove SAMPLE_SUFFIX from sample_cd.0 - linenr 3500000
2018/10/08 12:55:37 - Select values 2.0 - linenr 3500000
2018/10/08 12:55:38 - Select values for mrna data.0 - linenr 3500000
2018/10/08 12:55:38 - Check if LOAD_TYPE = L.0 - linenr 3500000
2018/10/08 12:55:38 - Check if LOAD_TYPE = I.0 - linenr 3500000
2018/10/08 12:55:38 - Insert to lt_src_mrna_data.0 - linenr 3500000
2018/10/08 12:55:43 - Get pivoted file.0 - Finished processing (I=3811719, O=0, R=0, W=3811718, U=1, E=0)
2018/10/08 12:55:43 - Check for numeric intensity.0 - Finished processing (I=0, O=0, R=3811718, W=3811718, U=0, E=0)
2018/10/08 12:55:44 - Drop non-numeric data.0 - Finished processing (I=0, O=0, R=3811718, W=3811718, U=0, E=0)
2018/10/08 12:55:44 - Get sample variables.0 - Finished processing (I=0, O=0, R=3811718, W=3811718, U=0, E=0)
2018/10/08 12:55:44 - SAMPLE_REMAP_FILE present.0 - Finished processing (I=0, O=0, R=3811718, W=3811718, U=0, E=0)
2018/10/08 12:55:45 - SAMPLE_SUFFIX present.0 - Finished processing (I=0, O=0, R=3811718, W=3811718, U=0, E=0)
2018/10/08 12:55:45 - Remove SAMPLE_SUFFIX from sample_cd.0 - Finished processing (I=0, O=0, R=3811718, W=3811718, U=0, E=0)
2018/10/08 12:55:45 - Select values 2.0 - Finished processing (I=0, O=0, R=3811718, W=3811718, U=0, E=0)
2018/10/08 12:55:45 - Get Variables.0 - Finished processing (I=0, O=0, R=3811718, W=3811718, U=0, E=0)
2018/10/08 12:55:45 - Trim trial_name.0 - Finished processing (I=0, O=0, R=3811718, W=3811718, U=0, E=0)
2018/10/08 12:55:45 - Select values for mrna data.0 - Finished processing (I=0, O=0, R=3811718, W=3811718, U=0, E=0)
2018/10/08 12:55:46 - Check if LOAD_TYPE = L.0 - Finished processing (I=0, O=0, R=3811718, W=3811718, U=0, E=0)
2018/10/08 12:55:46 - Bulk Loader.0 - The input stream of this step and/or the PSQL process is null.  Load was not executed.
2018/10/08 12:55:46 - Check if LOAD_TYPE = I.0 - Finished processing (I=0, O=0, R=3811718, W=3811718, U=0, E=0)
2018/10/08 12:55:46 - Insert to lt_src_mrna_data.0 - Finished processing (I=0, O=3811718, R=3811718, W=3811718, U=0, E=0)
2018/10/08 12:55:46 - Get stats from steps.0 - Finished processing (I=0, O=0, R=4, W=4, U=0, E=0)
2018/10/08 12:55:46 - Copy rows to result.0 - Finished processing (I=0, O=0, R=4, W=4, U=0, E=0)
2018/10/08 12:55:46 - load_gene_expression_one_study - Starting entry [Check LOAD_TYPE = F]
2018/10/08 12:55:46 - load_gene_expression_one_study - Starting entry [Write gene expression audit]
2018/10/08 12:55:46 - Write gene expression audit - Loading transformation from XML file [file:///transmart/tranSMART-ETL/Postgres/GPL-1.0/Kettle/Kettle-ETL/write_gene_expression_audit.ktr]
2018/10/08 12:55:46 - write_gene_expression_audit - Dispatching started for transformation [write_gene_expression_audit]
2018/10/08 12:55:46 - Get Audit rows.0 - Finished processing (I=0, O=0, R=4, W=4, U=0, E=0)
2018/10/08 12:55:46 - Reset step names.0 - Finished processing (I=0, O=0, R=4, W=4, U=0, E=0)
2018/10/08 12:55:46 - Set step_number based on step_name.0 - Finished processing (I=0, O=0, R=4, W=4, U=0, E=0)
2018/10/08 12:55:46 - Sort audit records by step_number.0 - Finished processing (I=0, O=0, R=4, W=4, U=0, E=0)
2018/10/08 12:55:46 - Split for input and output counts.0 - Finished processing (I=0, O=0, R=4, W=4, U=0, E=0)
2018/10/08 12:55:46 - Set counts for output steps.0 - Finished processing (I=0, O=0, R=4, W=3, U=0, E=0)
2018/10/08 12:55:46 - Set step_number to numeric.0 - Finished processing (I=0, O=0, R=3, W=3, U=0, E=0)
2018/10/08 12:55:46 - Get Variables.0 - Finished processing (I=0, O=0, R=3, W=3, U=0, E=0)
2018/10/08 12:55:46 - Add proc_prefix, step_status.0 - Finished processing (I=0, O=0, R=3, W=3, U=0, E=0)
2018/10/08 12:55:46 - Create procedure_name.0 - Finished processing (I=0, O=0, R=3, W=3, U=0, E=0)
2018/10/08 12:55:46 - Call cz_write_audit.0 - Finished processing (I=0, O=0, R=3, W=3, U=0, E=0)
2018/10/08 12:55:46 - load_gene_expression_one_study - Starting entry [Delete file]
2018/10/08 12:55:46 - Delete file - File [/tmp/Neptune_V6_Exp_N1G_N2G_N3bG-CombatCorrected_Glom_noped_pivot.txt] deleted!
2018/10/08 12:55:46 - load_gene_expression_one_study - Finished job entry [Delete file] (result=[true])
2018/10/08 12:55:46 - load_gene_expression_one_study - Finished job entry [Write gene expression audit] (result=[true])
2018/10/08 12:55:46 - load_gene_expression_one_study - Finished job entry [Check LOAD_TYPE = F] (result=[true])
2018/10/08 12:55:46 - load_gene_expression_one_study - Finished job entry [Load gene expression data to lz] (result=[true])
2018/10/08 12:55:46 - load_gene_expression_one_study - Finished job entry [Run FilePivot] (result=[true])
2018/10/08 12:55:46 - load_gene_expression_one_study - Finished job entry [Validate gene expression header has same nbr columns as data] (result=[true])
2018/10/08 12:55:46 - load_gene_expression_one_study - Finished job entry [Set gene expression filename as variable] (result=[true])
2018/10/08 12:55:46 - load_gene_expression_one_study - Starting entry [Set gene expression filename as variable]
2018/10/08 12:55:46 - Set gene expression filename as variable - Loading transformation from XML file [file:///transmart/tranSMART-ETL/Postgres/GPL-1.0/Kettle/Kettle-ETL/set_gene_expression_filename.ktr]
2018/10/08 12:55:46 - set_gene_expression_filename - Dispatching started for transformation [set_gene_expression_filename]
2018/10/08 12:55:46 - Get rows from result.0 - Finished processing (I=0, O=0, R=1, W=1, U=0, E=0)
2018/10/08 12:55:46 - Write to log.0 - 
2018/10/08 12:55:46 - Write to log.0 - ------------> Linenr 1------------------------------
2018/10/08 12:55:46 - Write to log.0 - *** Processing file ***
2018/10/08 12:55:46 - Write to log.0 - 
2018/10/08 12:55:46 - Write to log.0 - Neptune_V6_Exp_N1T_N2T-ComBatCorrected.txt
2018/10/08 12:55:46 - Write to log.0 - 
2018/10/08 12:55:46 - Write to log.0 - ====================
2018/10/08 12:55:46 - Set Variables.0 - Setting environment variables...
2018/10/08 12:55:46 - Set Variables.0 - Set variable FILENAME to value [Neptune_V6_Exp_N1T_N2T-ComBatCorrected.txt]
2018/10/08 12:55:46 - Set Variables.0 - Set variable FILENAME_NO_EXT to value [Neptune_V6_Exp_N1T_N2T-ComBatCorrected]
2018/10/08 12:55:46 - Write to log.0 - Finished processing (I=0, O=0, R=1, W=1, U=0, E=0)
2018/10/08 12:55:46 - Set Variables.0 - Finished after 1 rows.
2018/10/08 12:55:46 - Set Variables.0 - Finished processing (I=0, O=0, R=1, W=1, U=0, E=0)
2018/10/08 12:55:46 - load_gene_expression_one_study - Starting entry [Validate gene expression header has same nbr columns as data]
2018/10/08 12:55:46 - Validate gene expression header has same nbr columns as data - Loading transformation from XML file [file:///transmart/tranSMART-ETL/Postgres/GPL-1.0/Kettle/Kettle-ETL/validate_gene_expression_columns.ktr]
2018/10/08 12:55:46 - validate_gene_expression_columns - Dispatching started for transformation [validate_gene_expression_columns]
2018/10/08 12:55:46 - Get Header Row.0 - Opening file: file:///transmart/transmart-data/samples/studies/Neptune_V16/expression/Neptune_V6_Exp_N1T_N2T-ComBatCorrected.txt
2018/10/08 12:55:46 - Get first data row.0 - Opening file: file:///transmart/transmart-data/samples/studies/Neptune_V16/expression/Neptune_V6_Exp_N1T_N2T-ComBatCorrected.txt
2018/10/08 12:55:46 - Get first data row.0 - Finished processing (I=2, O=0, R=0, W=1, U=1, E=0)
2018/10/08 12:55:46 - Get Header Row.0 - Finished processing (I=1, O=0, R=0, W=1, U=1, E=0)
2018/10/08 12:55:46 - Split data.0 - Finished processing (I=0, O=0, R=1, W=279, U=0, E=0)
2018/10/08 12:55:46 - Split header.0 - Finished processing (I=0, O=0, R=1, W=279, U=0, E=0)
2018/10/08 12:55:46 - Read all records.0 - Opening file: file:///transmart/transmart-data/samples/studies/Neptune_V16/expression/Neptune_V6_Exp_N1T_N2T-ComBatCorrected.txt
2018/10/08 12:55:46 - Select hdr_col.0 - Finished processing (I=0, O=0, R=279, W=279, U=0, E=0)
2018/10/08 12:55:46 - Select data_col.0 - Finished processing (I=0, O=0, R=279, W=279, U=0, E=0)
2018/10/08 12:55:46 - Count hdr_col.0 - Finished processing (I=0, O=0, R=279, W=1, U=0, E=0)
2018/10/08 12:55:46 - Count data_col.0 - Finished processing (I=0, O=0, R=279, W=1, U=0, E=0)
2018/10/08 12:55:46 - add join_col for hdr_ct.0 - Finished processing (I=0, O=0, R=1, W=1, U=0, E=0)
2018/10/08 12:55:46 - Add join_col for data_ct.0 - Finished processing (I=0, O=0, R=1, W=1, U=0, E=0)
2018/10/08 12:55:47 - Join hdr_ct and data_ct.0 - Finished processing (I=0, O=0, R=2, W=1, U=0, E=0)
2018/10/08 12:55:47 - Nbr of header cols = nbr data cols.0 - Finished processing (I=0, O=0, R=1, W=1, U=0, E=0)
2018/10/08 12:55:47 - Get LOAD_TYPE.0 - Finished processing (I=0, O=0, R=1, W=1, U=0, E=0)
2018/10/08 12:55:47 - Check if LOAD_TYPE = F.0 - Finished processing (I=0, O=0, R=1, W=1, U=0, E=0)
2018/10/08 12:55:47 - constant 1.0 - Finished processing (I=0, O=0, R=1, W=1, U=0, E=0)
2018/10/08 12:55:47 - Subtract 1 from hdr_ct to get count of samples.0 - Finished processing (I=0, O=0, R=1, W=1, U=0, E=0)
2018/10/08 12:55:53 - Read all records.0 - Finished processing (I=25583, O=0, R=0, W=25582, U=1, E=0)
2018/10/08 12:55:53 - Count probesets.0 - Finished processing (I=0, O=0, R=25582, W=1, U=0, E=0)
2018/10/08 12:55:53 - add join_col for probeset_ct.0 - Finished processing (I=0, O=0, R=1, W=1, U=0, E=0)
2018/10/08 12:55:53 - Add probeset_ct to results.0 - Finished processing (I=0, O=0, R=2, W=1, U=0, E=0)
2018/10/08 12:55:53 - Select counts.0 - Finished processing (I=0, O=0, R=1, W=1, U=0, E=0)
2018/10/08 12:55:53 - Separate counts into 2 records.0 - Finished processing (I=0, O=0, R=1, W=2, U=0, E=0)
2018/10/08 12:55:53 - Add step_desc.0 - Finished processing (I=0, O=0, R=2, W=2, U=0, E=0)
2018/10/08 12:55:53 - Set step_desc to step_number.0 - Finished processing (I=0, O=0, R=2, W=2, U=0, E=0)
2018/10/08 12:55:53 - Convert step_nbr to integer.0 - Finished processing (I=0, O=0, R=2, W=2, U=0, E=0)
2018/10/08 12:55:53 - Set step_desc based on value from step_number.0 - Finished processing (I=0, O=0, R=2, W=2, U=0, E=0)
2018/10/08 12:55:53 - Get Variables.0 - Finished processing (I=0, O=0, R=2, W=2, U=0, E=0)
2018/10/08 12:55:53 - Add procedure_name.0 - Finished processing (I=0, O=0, R=2, W=2, U=0, E=0)
2018/10/08 12:55:53 - Call cz_write_audit.0 - Finished processing (I=0, O=0, R=2, W=2, U=0, E=0)
2018/10/08 12:55:53 - load_gene_expression_one_study - Starting entry [Run FilePivot]
2018/10/08 12:55:53 - Run FilePivot - Running on platform : Linux
2018/10/08 12:55:53 - Run FilePivot - Executing command : /tmp/kettle_04c895e3-cb1b-11e8-9e88-eb499b511f5cshell
2018/10/08 12:55:56 - load_gene_expression_one_study - Starting entry [Load gene expression data to lz]
2018/10/08 12:55:56 - Load gene expression data to lz - Loading transformation from XML file [file:///transmart/tranSMART-ETL/Postgres/GPL-1.0/Kettle/Kettle-ETL/load_gene_expression_data_to_lz.ktr]
2018/10/08 12:55:56 - load_gene_expression_data_to_lz - Dispatching started for transformation [load_gene_expression_data_to_lz]
2018/10/08 12:55:56 - Insert to lt_src_mrna_data.0 - Connected to database [TM_LZ] (commit=1000)
2018/10/08 12:55:56 - Get pivoted file.0 - Opening file: file:///tmp/Neptune_V6_Exp_N1T_N2T-ComBatCorrected_pivot.txt
2018/10/08 12:55:56 - Check for numeric intensity.0 - Optimization level set to 9.
2018/10/08 12:55:56 - Remove SAMPLE_SUFFIX from sample_cd.0 - Optimization level set to 9.
2018/10/08 12:56:06 - Get pivoted file.0 - linenr 500000
2018/10/08 12:56:06 - Check for numeric intensity.0 - linenr 500000
2018/10/08 12:56:06 - Drop non-numeric data.0 - linenr 500000
2018/10/08 12:56:07 - SAMPLE_REMAP_FILE present.0 - linenr 500000
2018/10/08 12:56:10 - SAMPLE_SUFFIX present.0 - linenr 500000
2018/10/08 12:56:10 - Remove SAMPLE_SUFFIX from sample_cd.0 - linenr 500000
2018/10/08 12:56:10 - Select values 2.0 - linenr 500000
2018/10/08 12:56:11 - Select values for mrna data.0 - linenr 500000
2018/10/08 12:56:11 - Check if LOAD_TYPE = L.0 - linenr 500000
2018/10/08 12:56:11 - Check if LOAD_TYPE = I.0 - linenr 500000
2018/10/08 12:56:11 - Insert to lt_src_mrna_data.0 - linenr 500000
2018/10/08 12:56:20 - Get pivoted file.0 - linenr 1000000
2018/10/08 12:56:21 - Check for numeric intensity.0 - linenr 1000000
2018/10/08 12:56:21 - Drop non-numeric data.0 - linenr 1000000
2018/10/08 12:56:21 - SAMPLE_REMAP_FILE present.0 - linenr 1000000
2018/10/08 12:56:22 - SAMPLE_SUFFIX present.0 - linenr 1000000
2018/10/08 12:56:22 - Remove SAMPLE_SUFFIX from sample_cd.0 - linenr 1000000
2018/10/08 12:56:22 - Select values 2.0 - linenr 1000000
2018/10/08 12:56:23 - Select values for mrna data.0 - linenr 1000000
2018/10/08 12:56:23 - Check if LOAD_TYPE = L.0 - linenr 1000000
2018/10/08 12:56:23 - Check if LOAD_TYPE = I.0 - linenr 1000000
2018/10/08 12:56:23 - Insert to lt_src_mrna_data.0 - linenr 1000000
2018/10/08 12:56:32 - Get pivoted file.0 - linenr 1500000
2018/10/08 12:56:32 - Check for numeric intensity.0 - linenr 1500000
2018/10/08 12:56:32 - Drop non-numeric data.0 - linenr 1500000
2018/10/08 12:56:33 - SAMPLE_REMAP_FILE present.0 - linenr 1500000
2018/10/08 12:56:33 - SAMPLE_SUFFIX present.0 - linenr 1500000
2018/10/08 12:56:33 - Remove SAMPLE_SUFFIX from sample_cd.0 - linenr 1500000
2018/10/08 12:56:34 - Select values 2.0 - linenr 1500000
2018/10/08 12:56:34 - Select values for mrna data.0 - linenr 1500000
2018/10/08 12:56:34 - Check if LOAD_TYPE = L.0 - linenr 1500000
2018/10/08 12:56:35 - Check if LOAD_TYPE = I.0 - linenr 1500000
2018/10/08 12:56:35 - Insert to lt_src_mrna_data.0 - linenr 1500000
2018/10/08 12:56:44 - Get pivoted file.0 - linenr 2000000
2018/10/08 12:56:44 - Check for numeric intensity.0 - linenr 2000000
2018/10/08 12:56:44 - Drop non-numeric data.0 - linenr 2000000
2018/10/08 12:56:45 - SAMPLE_REMAP_FILE present.0 - linenr 2000000
2018/10/08 12:56:45 - SAMPLE_SUFFIX present.0 - linenr 2000000
2018/10/08 12:56:45 - Remove SAMPLE_SUFFIX from sample_cd.0 - linenr 2000000
2018/10/08 12:56:45 - Select values 2.0 - linenr 2000000
2018/10/08 12:56:46 - Select values for mrna data.0 - linenr 2000000
2018/10/08 12:56:46 - Check if LOAD_TYPE = L.0 - linenr 2000000
2018/10/08 12:56:46 - Check if LOAD_TYPE = I.0 - linenr 2000000
2018/10/08 12:56:47 - Insert to lt_src_mrna_data.0 - linenr 2000000
2018/10/08 12:56:56 - Get pivoted file.0 - linenr 2500000
2018/10/08 12:56:56 - Check for numeric intensity.0 - linenr 2500000
2018/10/08 12:56:56 - Drop non-numeric data.0 - linenr 2500000
2018/10/08 12:56:56 - SAMPLE_REMAP_FILE present.0 - linenr 2500000
2018/10/08 12:56:57 - SAMPLE_SUFFIX present.0 - linenr 2500000
2018/10/08 12:56:57 - Remove SAMPLE_SUFFIX from sample_cd.0 - linenr 2500000
2018/10/08 12:56:57 - Select values 2.0 - linenr 2500000
2018/10/08 12:56:58 - Select values for mrna data.0 - linenr 2500000
2018/10/08 12:56:58 - Check if LOAD_TYPE = L.0 - linenr 2500000
2018/10/08 12:56:58 - Check if LOAD_TYPE = I.0 - linenr 2500000
2018/10/08 12:56:58 - Insert to lt_src_mrna_data.0 - linenr 2500000
2018/10/08 12:57:07 - Get pivoted file.0 - linenr 3000000
2018/10/08 12:57:08 - Check for numeric intensity.0 - linenr 3000000
2018/10/08 12:57:08 - Drop non-numeric data.0 - linenr 3000000
2018/10/08 12:57:08 - SAMPLE_REMAP_FILE present.0 - linenr 3000000
2018/10/08 12:57:09 - SAMPLE_SUFFIX present.0 - linenr 3000000
2018/10/08 12:57:09 - Remove SAMPLE_SUFFIX from sample_cd.0 - linenr 3000000
2018/10/08 12:57:09 - Select values 2.0 - linenr 3000000
2018/10/08 12:57:10 - Select values for mrna data.0 - linenr 3000000
2018/10/08 12:57:10 - Check if LOAD_TYPE = L.0 - linenr 3000000
2018/10/08 12:57:10 - Check if LOAD_TYPE = I.0 - linenr 3000000
2018/10/08 12:57:11 - Insert to lt_src_mrna_data.0 - linenr 3000000
2018/10/08 12:57:20 - Get pivoted file.0 - linenr 3500000
2018/10/08 12:57:20 - Check for numeric intensity.0 - linenr 3500000
2018/10/08 12:57:20 - Drop non-numeric data.0 - linenr 3500000
2018/10/08 12:57:20 - SAMPLE_REMAP_FILE present.0 - linenr 3500000
2018/10/08 12:57:21 - SAMPLE_SUFFIX present.0 - linenr 3500000
2018/10/08 12:57:21 - Remove SAMPLE_SUFFIX from sample_cd.0 - linenr 3500000
2018/10/08 12:57:21 - Select values 2.0 - linenr 3500000
2018/10/08 12:57:22 - Select values for mrna data.0 - linenr 3500000
2018/10/08 12:57:22 - Check if LOAD_TYPE = L.0 - linenr 3500000
2018/10/08 12:57:22 - Check if LOAD_TYPE = I.0 - linenr 3500000
2018/10/08 12:57:22 - Insert to lt_src_mrna_data.0 - linenr 3500000
2018/10/08 12:57:31 - Get pivoted file.0 - linenr 4000000
2018/10/08 12:57:32 - Check for numeric intensity.0 - linenr 4000000
2018/10/08 12:57:32 - Drop non-numeric data.0 - linenr 4000000
2018/10/08 12:57:32 - SAMPLE_REMAP_FILE present.0 - linenr 4000000
2018/10/08 12:57:33 - SAMPLE_SUFFIX present.0 - linenr 4000000
2018/10/08 12:57:33 - Remove SAMPLE_SUFFIX from sample_cd.0 - linenr 4000000
2018/10/08 12:57:33 - Select values 2.0 - linenr 4000000
2018/10/08 12:57:34 - Select values for mrna data.0 - linenr 4000000
2018/10/08 12:57:34 - Check if LOAD_TYPE = L.0 - linenr 4000000
2018/10/08 12:57:34 - Check if LOAD_TYPE = I.0 - linenr 4000000
2018/10/08 12:57:34 - Insert to lt_src_mrna_data.0 - linenr 4000000
2018/10/08 12:57:44 - Get pivoted file.0 - linenr 4500000
2018/10/08 12:57:44 - Check for numeric intensity.0 - linenr 4500000
2018/10/08 12:57:44 - Drop non-numeric data.0 - linenr 4500000
2018/10/08 12:57:45 - SAMPLE_REMAP_FILE present.0 - linenr 4500000
2018/10/08 12:57:45 - SAMPLE_SUFFIX present.0 - linenr 4500000
2018/10/08 12:57:45 - Remove SAMPLE_SUFFIX from sample_cd.0 - linenr 4500000
2018/10/08 12:57:45 - Select values 2.0 - linenr 4500000
2018/10/08 12:57:46 - Select values for mrna data.0 - linenr 4500000
2018/10/08 12:57:46 - Check if LOAD_TYPE = L.0 - linenr 4500000
2018/10/08 12:57:46 - Check if LOAD_TYPE = I.0 - linenr 4500000
2018/10/08 12:57:47 - Insert to lt_src_mrna_data.0 - linenr 4500000
2018/10/08 12:57:55 - Get pivoted file.0 - linenr 5000000
2018/10/08 12:57:55 - Check for numeric intensity.0 - linenr 5000000
2018/10/08 12:57:56 - Drop non-numeric data.0 - linenr 5000000
2018/10/08 12:57:56 - SAMPLE_REMAP_FILE present.0 - linenr 5000000
2018/10/08 12:57:56 - SAMPLE_SUFFIX present.0 - linenr 5000000
2018/10/08 12:57:56 - Remove SAMPLE_SUFFIX from sample_cd.0 - linenr 5000000
2018/10/08 12:57:57 - Select values 2.0 - linenr 5000000
2018/10/08 12:57:57 - Select values for mrna data.0 - linenr 5000000
2018/10/08 12:57:58 - Check if LOAD_TYPE = L.0 - linenr 5000000
2018/10/08 12:57:58 - Check if LOAD_TYPE = I.0 - linenr 5000000
2018/10/08 12:57:58 - Insert to lt_src_mrna_data.0 - linenr 5000000
2018/10/08 12:58:07 - Get pivoted file.0 - linenr 5500000
2018/10/08 12:58:07 - Check for numeric intensity.0 - linenr 5500000
2018/10/08 12:58:07 - Drop non-numeric data.0 - linenr 5500000
2018/10/08 12:58:08 - SAMPLE_REMAP_FILE present.0 - linenr 5500000
2018/10/08 12:58:08 - SAMPLE_SUFFIX present.0 - linenr 5500000
2018/10/08 12:58:08 - Remove SAMPLE_SUFFIX from sample_cd.0 - linenr 5500000
2018/10/08 12:58:08 - Select values 2.0 - linenr 5500000
2018/10/08 12:58:09 - Select values for mrna data.0 - linenr 5500000
2018/10/08 12:58:09 - Check if LOAD_TYPE = L.0 - linenr 5500000
2018/10/08 12:58:09 - Check if LOAD_TYPE = I.0 - linenr 5500000
2018/10/08 12:58:10 - Insert to lt_src_mrna_data.0 - linenr 5500000
2018/10/08 12:58:18 - Get pivoted file.0 - linenr 6000000
2018/10/08 12:58:18 - Check for numeric intensity.0 - linenr 6000000
2018/10/08 12:58:19 - Drop non-numeric data.0 - linenr 6000000
2018/10/08 12:58:19 - SAMPLE_REMAP_FILE present.0 - linenr 6000000
2018/10/08 12:58:19 - SAMPLE_SUFFIX present.0 - linenr 6000000
2018/10/08 12:58:20 - Remove SAMPLE_SUFFIX from sample_cd.0 - linenr 6000000
2018/10/08 12:58:20 - Select values 2.0 - linenr 6000000
2018/10/08 12:58:20 - Select values for mrna data.0 - linenr 6000000
2018/10/08 12:58:21 - Check if LOAD_TYPE = L.0 - linenr 6000000
2018/10/08 12:58:21 - Check if LOAD_TYPE = I.0 - linenr 6000000
2018/10/08 12:58:21 - Insert to lt_src_mrna_data.0 - linenr 6000000
2018/10/08 12:58:30 - Get pivoted file.0 - linenr 6500000
2018/10/08 12:58:30 - Check for numeric intensity.0 - linenr 6500000
2018/10/08 12:58:30 - Drop non-numeric data.0 - linenr 6500000
2018/10/08 12:58:31 - SAMPLE_REMAP_FILE present.0 - linenr 6500000
2018/10/08 12:58:31 - SAMPLE_SUFFIX present.0 - linenr 6500000
2018/10/08 12:58:31 - Remove SAMPLE_SUFFIX from sample_cd.0 - linenr 6500000
2018/10/08 12:58:31 - Select values 2.0 - linenr 6500000
2018/10/08 12:58:32 - Select values for mrna data.0 - linenr 6500000
2018/10/08 12:58:32 - Check if LOAD_TYPE = L.0 - linenr 6500000
2018/10/08 12:58:32 - Check if LOAD_TYPE = I.0 - linenr 6500000
2018/10/08 12:58:33 - Insert to lt_src_mrna_data.0 - linenr 6500000
2018/10/08 12:58:41 - Get pivoted file.0 - linenr 7000000
2018/10/08 12:58:41 - Check for numeric intensity.0 - linenr 7000000
2018/10/08 12:58:42 - Drop non-numeric data.0 - linenr 7000000
2018/10/08 12:58:42 - SAMPLE_REMAP_FILE present.0 - linenr 7000000
2018/10/08 12:58:42 - SAMPLE_SUFFIX present.0 - linenr 7000000
2018/10/08 12:58:42 - Remove SAMPLE_SUFFIX from sample_cd.0 - linenr 7000000
2018/10/08 12:58:43 - Select values 2.0 - linenr 7000000
2018/10/08 12:58:43 - Select values for mrna data.0 - linenr 7000000
2018/10/08 12:58:44 - Check if LOAD_TYPE = L.0 - linenr 7000000
2018/10/08 12:58:44 - Get pivoted file.0 - Finished processing (I=7111797, O=0, R=0, W=7111796, U=1, E=0)
2018/10/08 12:58:44 - Check if LOAD_TYPE = I.0 - linenr 7000000
2018/10/08 12:58:44 - Check for numeric intensity.0 - Finished processing (I=0, O=0, R=7111796, W=7111796, U=0, E=0)
2018/10/08 12:58:44 - Insert to lt_src_mrna_data.0 - linenr 7000000
2018/10/08 12:58:44 - Drop non-numeric data.0 - Finished processing (I=0, O=0, R=7111796, W=7111796, U=0, E=0)
2018/10/08 12:58:45 - Get sample variables.0 - Finished processing (I=0, O=0, R=7111796, W=7111796, U=0, E=0)
2018/10/08 12:58:45 - SAMPLE_REMAP_FILE present.0 - Finished processing (I=0, O=0, R=7111796, W=7111796, U=0, E=0)
2018/10/08 12:58:45 - SAMPLE_SUFFIX present.0 - Finished processing (I=0, O=0, R=7111796, W=7111796, U=0, E=0)
2018/10/08 12:58:45 - Remove SAMPLE_SUFFIX from sample_cd.0 - Finished processing (I=0, O=0, R=7111796, W=7111796, U=0, E=0)
2018/10/08 12:58:45 - Select values 2.0 - Finished processing (I=0, O=0, R=7111796, W=7111796, U=0, E=0)
2018/10/08 12:58:46 - Get Variables.0 - Finished processing (I=0, O=0, R=7111796, W=7111796, U=0, E=0)
2018/10/08 12:58:46 - Trim trial_name.0 - Finished processing (I=0, O=0, R=7111796, W=7111796, U=0, E=0)
2018/10/08 12:58:46 - Select values for mrna data.0 - Finished processing (I=0, O=0, R=7111796, W=7111796, U=0, E=0)
2018/10/08 12:58:46 - Check if LOAD_TYPE = L.0 - Finished processing (I=0, O=0, R=7111796, W=7111796, U=0, E=0)
2018/10/08 12:58:46 - Bulk Loader.0 - The input stream of this step and/or the PSQL process is null.  Load was not executed.
2018/10/08 12:58:46 - Check if LOAD_TYPE = I.0 - Finished processing (I=0, O=0, R=7111796, W=7111796, U=0, E=0)
2018/10/08 12:58:46 - Insert to lt_src_mrna_data.0 - Finished processing (I=0, O=7111796, R=7111796, W=7111796, U=0, E=0)
2018/10/08 12:58:47 - Get stats from steps.0 - Finished processing (I=0, O=0, R=4, W=4, U=0, E=0)
2018/10/08 12:58:47 - Copy rows to result.0 - Finished processing (I=0, O=0, R=4, W=4, U=0, E=0)
2018/10/08 12:58:47 - load_gene_expression_one_study - Starting entry [Check LOAD_TYPE = F]
2018/10/08 12:58:47 - load_gene_expression_one_study - Starting entry [Write gene expression audit]
2018/10/08 12:58:47 - Write gene expression audit - Loading transformation from XML file [file:///transmart/tranSMART-ETL/Postgres/GPL-1.0/Kettle/Kettle-ETL/write_gene_expression_audit.ktr]
2018/10/08 12:58:47 - write_gene_expression_audit - Dispatching started for transformation [write_gene_expression_audit]
2018/10/08 12:58:47 - Get Audit rows.0 - Finished processing (I=0, O=0, R=4, W=4, U=0, E=0)
2018/10/08 12:58:47 - Reset step names.0 - Finished processing (I=0, O=0, R=4, W=4, U=0, E=0)
2018/10/08 12:58:47 - Set step_number based on step_name.0 - Finished processing (I=0, O=0, R=4, W=4, U=0, E=0)
2018/10/08 12:58:47 - Sort audit records by step_number.0 - Finished processing (I=0, O=0, R=4, W=4, U=0, E=0)
2018/10/08 12:58:47 - Split for input and output counts.0 - Finished processing (I=0, O=0, R=4, W=4, U=0, E=0)
2018/10/08 12:58:47 - Set counts for output steps.0 - Finished processing (I=0, O=0, R=4, W=3, U=0, E=0)
2018/10/08 12:58:47 - Set step_number to numeric.0 - Finished processing (I=0, O=0, R=3, W=3, U=0, E=0)
2018/10/08 12:58:47 - Get Variables.0 - Finished processing (I=0, O=0, R=3, W=3, U=0, E=0)
2018/10/08 12:58:47 - Add proc_prefix, step_status.0 - Finished processing (I=0, O=0, R=3, W=3, U=0, E=0)
2018/10/08 12:58:47 - Create procedure_name.0 - Finished processing (I=0, O=0, R=3, W=3, U=0, E=0)
2018/10/08 12:58:47 - Call cz_write_audit.0 - Finished processing (I=0, O=0, R=3, W=3, U=0, E=0)
2018/10/08 12:58:47 - load_gene_expression_one_study - Starting entry [Delete file]
2018/10/08 12:58:47 - Delete file - File [/tmp/Neptune_V6_Exp_N1T_N2T-ComBatCorrected_pivot.txt] deleted!
2018/10/08 12:58:47 - load_gene_expression_one_study - Finished job entry [Delete file] (result=[true])
2018/10/08 12:58:47 - load_gene_expression_one_study - Finished job entry [Write gene expression audit] (result=[true])
2018/10/08 12:58:47 - load_gene_expression_one_study - Finished job entry [Check LOAD_TYPE = F] (result=[true])
2018/10/08 12:58:47 - load_gene_expression_one_study - Finished job entry [Load gene expression data to lz] (result=[true])
2018/10/08 12:58:47 - load_gene_expression_one_study - Finished job entry [Run FilePivot] (result=[true])
2018/10/08 12:58:47 - load_gene_expression_one_study - Finished job entry [Validate gene expression header has same nbr columns as data] (result=[true])
2018/10/08 12:58:47 - load_gene_expression_one_study - Finished job entry [Set gene expression filename as variable] (result=[true])
2018/10/08 12:58:47 - load_gene_expression_one_study - Starting entry [Set gene expression filename as variable]
2018/10/08 12:58:47 - Set gene expression filename as variable - Loading transformation from XML file [file:///transmart/tranSMART-ETL/Postgres/GPL-1.0/Kettle/Kettle-ETL/set_gene_expression_filename.ktr]
2018/10/08 12:58:47 - set_gene_expression_filename - Dispatching started for transformation [set_gene_expression_filename]
2018/10/08 12:58:47 - Get rows from result.0 - Finished processing (I=0, O=0, R=1, W=1, U=0, E=0)
2018/10/08 12:58:47 - Write to log.0 - 
2018/10/08 12:58:47 - Write to log.0 - ------------> Linenr 1------------------------------
2018/10/08 12:58:47 - Write to log.0 - *** Processing file ***
2018/10/08 12:58:47 - Write to log.0 - 
2018/10/08 12:58:47 - Write to log.0 - Neptune_V6_Exp_N1T_N2T_N3bT-CombatCorrected_Tub_noped.txt
2018/10/08 12:58:47 - Write to log.0 - 
2018/10/08 12:58:47 - Write to log.0 - ====================
2018/10/08 12:58:47 - Set Variables.0 - Setting environment variables...
2018/10/08 12:58:47 - Set Variables.0 - Set variable FILENAME to value [Neptune_V6_Exp_N1T_N2T_N3bT-CombatCorrected_Tub_noped.txt]
2018/10/08 12:58:47 - Set Variables.0 - Set variable FILENAME_NO_EXT to value [Neptune_V6_Exp_N1T_N2T_N3bT-CombatCorrected_Tub_noped]
2018/10/08 12:58:47 - Write to log.0 - Finished processing (I=0, O=0, R=1, W=1, U=0, E=0)
2018/10/08 12:58:47 - Set Variables.0 - Finished after 1 rows.
2018/10/08 12:58:47 - Set Variables.0 - Finished processing (I=0, O=0, R=1, W=1, U=0, E=0)
2018/10/08 12:58:47 - load_gene_expression_one_study - Starting entry [Validate gene expression header has same nbr columns as data]
2018/10/08 12:58:47 - Validate gene expression header has same nbr columns as data - Loading transformation from XML file [file:///transmart/tranSMART-ETL/Postgres/GPL-1.0/Kettle/Kettle-ETL/validate_gene_expression_columns.ktr]
2018/10/08 12:58:47 - validate_gene_expression_columns - Dispatching started for transformation [validate_gene_expression_columns]
2018/10/08 12:58:47 - Get Header Row.0 - Opening file: file:///transmart/transmart-data/samples/studies/Neptune_V16/expression/Neptune_V6_Exp_N1T_N2T_N3bT-CombatCorrected_Tub_noped.txt
2018/10/08 12:58:47 - Get first data row.0 - Opening file: file:///transmart/transmart-data/samples/studies/Neptune_V16/expression/Neptune_V6_Exp_N1T_N2T_N3bT-CombatCorrected_Tub_noped.txt
2018/10/08 12:58:47 - Read all records.0 - Opening file: file:///transmart/transmart-data/samples/studies/Neptune_V16/expression/Neptune_V6_Exp_N1T_N2T_N3bT-CombatCorrected_Tub_noped.txt
2018/10/08 12:58:47 - Get Header Row.0 - Finished processing (I=1, O=0, R=0, W=1, U=1, E=0)
2018/10/08 12:58:47 - Get first data row.0 - Finished processing (I=2, O=0, R=0, W=1, U=1, E=0)
2018/10/08 12:58:47 - Split header.0 - Finished processing (I=0, O=0, R=1, W=194, U=0, E=0)
2018/10/08 12:58:47 - Split data.0 - Finished processing (I=0, O=0, R=1, W=194, U=0, E=0)
2018/10/08 12:58:47 - Select hdr_col.0 - Finished processing (I=0, O=0, R=194, W=194, U=0, E=0)
2018/10/08 12:58:47 - Select data_col.0 - Finished processing (I=0, O=0, R=194, W=194, U=0, E=0)
2018/10/08 12:58:47 - Count hdr_col.0 - Finished processing (I=0, O=0, R=194, W=1, U=0, E=0)
2018/10/08 12:58:47 - add join_col for hdr_ct.0 - Finished processing (I=0, O=0, R=1, W=1, U=0, E=0)
2018/10/08 12:58:47 - Count data_col.0 - Finished processing (I=0, O=0, R=194, W=1, U=0, E=0)
2018/10/08 12:58:47 - Add join_col for data_ct.0 - Finished processing (I=0, O=0, R=1, W=1, U=0, E=0)
2018/10/08 12:58:47 - Join hdr_ct and data_ct.0 - Finished processing (I=0, O=0, R=2, W=1, U=0, E=0)
2018/10/08 12:58:47 - Nbr of header cols = nbr data cols.0 - Finished processing (I=0, O=0, R=1, W=1, U=0, E=0)
2018/10/08 12:58:47 - Get LOAD_TYPE.0 - Finished processing (I=0, O=0, R=1, W=1, U=0, E=0)
2018/10/08 12:58:47 - Check if LOAD_TYPE = F.0 - Finished processing (I=0, O=0, R=1, W=1, U=0, E=0)
2018/10/08 12:58:47 - constant 1.0 - Finished processing (I=0, O=0, R=1, W=1, U=0, E=0)
2018/10/08 12:58:47 - Subtract 1 from hdr_ct to get count of samples.0 - Finished processing (I=0, O=0, R=1, W=1, U=0, E=0)
2018/10/08 12:58:51 - Read all records.0 - Finished processing (I=25583, O=0, R=0, W=25582, U=1, E=0)
2018/10/08 12:58:51 - Count probesets.0 - Finished processing (I=0, O=0, R=25582, W=1, U=0, E=0)
2018/10/08 12:58:51 - add join_col for probeset_ct.0 - Finished processing (I=0, O=0, R=1, W=1, U=0, E=0)
2018/10/08 12:58:52 - Add probeset_ct to results.0 - Finished processing (I=0, O=0, R=2, W=1, U=0, E=0)
2018/10/08 12:58:52 - Select counts.0 - Finished processing (I=0, O=0, R=1, W=1, U=0, E=0)
2018/10/08 12:58:52 - Separate counts into 2 records.0 - Finished processing (I=0, O=0, R=1, W=2, U=0, E=0)
2018/10/08 12:58:52 - Add step_desc.0 - Finished processing (I=0, O=0, R=2, W=2, U=0, E=0)
2018/10/08 12:58:52 - Set step_desc to step_number.0 - Finished processing (I=0, O=0, R=2, W=2, U=0, E=0)
2018/10/08 12:58:52 - Convert step_nbr to integer.0 - Finished processing (I=0, O=0, R=2, W=2, U=0, E=0)
2018/10/08 12:58:52 - Set step_desc based on value from step_number.0 - Finished processing (I=0, O=0, R=2, W=2, U=0, E=0)
2018/10/08 12:58:52 - Get Variables.0 - Finished processing (I=0, O=0, R=2, W=2, U=0, E=0)
2018/10/08 12:58:52 - Add procedure_name.0 - Finished processing (I=0, O=0, R=2, W=2, U=0, E=0)
2018/10/08 12:58:52 - Call cz_write_audit.0 - Finished processing (I=0, O=0, R=2, W=2, U=0, E=0)
2018/10/08 12:58:52 - load_gene_expression_one_study - Starting entry [Run FilePivot]
2018/10/08 12:58:52 - Run FilePivot - Running on platform : Linux
2018/10/08 12:58:52 - Run FilePivot - Executing command : /tmp/kettle_6f15df74-cb1b-11e8-9e88-eb499b511f5cshell
2018/10/08 12:58:54 - load_gene_expression_one_study - Starting entry [Load gene expression data to lz]
2018/10/08 12:58:54 - Load gene expression data to lz - Loading transformation from XML file [file:///transmart/tranSMART-ETL/Postgres/GPL-1.0/Kettle/Kettle-ETL/load_gene_expression_data_to_lz.ktr]
2018/10/08 12:58:54 - load_gene_expression_data_to_lz - Dispatching started for transformation [load_gene_expression_data_to_lz]
2018/10/08 12:58:54 - Insert to lt_src_mrna_data.0 - Connected to database [TM_LZ] (commit=1000)
2018/10/08 12:58:54 - Get pivoted file.0 - Opening file: file:///tmp/Neptune_V6_Exp_N1T_N2T_N3bT-CombatCorrected_Tub_noped_pivot.txt
2018/10/08 12:58:54 - Check for numeric intensity.0 - Optimization level set to 9.
2018/10/08 12:58:54 - Remove SAMPLE_SUFFIX from sample_cd.0 - Optimization level set to 9.
2018/10/08 12:59:08 - Get pivoted file.0 - linenr 500000
2018/10/08 12:59:08 - Check for numeric intensity.0 - linenr 500000
2018/10/08 12:59:08 - Drop non-numeric data.0 - linenr 500000
2018/10/08 12:59:09 - SAMPLE_REMAP_FILE present.0 - linenr 500000
2018/10/08 12:59:09 - SAMPLE_SUFFIX present.0 - linenr 500000
2018/10/08 12:59:09 - Remove SAMPLE_SUFFIX from sample_cd.0 - linenr 500000
2018/10/08 12:59:10 - Select values 2.0 - linenr 500000
2018/10/08 12:59:10 - Select values for mrna data.0 - linenr 500000
2018/10/08 12:59:10 - Check if LOAD_TYPE = L.0 - linenr 500000
2018/10/08 12:59:11 - Check if LOAD_TYPE = I.0 - linenr 500000
2018/10/08 12:59:11 - Insert to lt_src_mrna_data.0 - linenr 500000
2018/10/08 12:59:20 - Get pivoted file.0 - linenr 1000000
2018/10/08 12:59:20 - Check for numeric intensity.0 - linenr 1000000
2018/10/08 12:59:21 - Drop non-numeric data.0 - linenr 1000000
2018/10/08 12:59:21 - SAMPLE_REMAP_FILE present.0 - linenr 1000000
2018/10/08 12:59:21 - SAMPLE_SUFFIX present.0 - linenr 1000000
2018/10/08 12:59:21 - Remove SAMPLE_SUFFIX from sample_cd.0 - linenr 1000000
2018/10/08 12:59:22 - Select values 2.0 - linenr 1000000
2018/10/08 12:59:22 - Select values for mrna data.0 - linenr 1000000
2018/10/08 12:59:23 - Check if LOAD_TYPE = L.0 - linenr 1000000
2018/10/08 12:59:23 - Check if LOAD_TYPE = I.0 - linenr 1000000
2018/10/08 12:59:23 - Insert to lt_src_mrna_data.0 - linenr 1000000
2018/10/08 12:59:32 - Get pivoted file.0 - linenr 1500000
2018/10/08 12:59:33 - Check for numeric intensity.0 - linenr 1500000
2018/10/08 12:59:33 - Drop non-numeric data.0 - linenr 1500000
2018/10/08 12:59:33 - SAMPLE_REMAP_FILE present.0 - linenr 1500000
2018/10/08 12:59:34 - SAMPLE_SUFFIX present.0 - linenr 1500000
2018/10/08 12:59:34 - Remove SAMPLE_SUFFIX from sample_cd.0 - linenr 1500000
2018/10/08 12:59:34 - Select values 2.0 - linenr 1500000
2018/10/08 12:59:35 - Select values for mrna data.0 - linenr 1500000
2018/10/08 12:59:36 - Check if LOAD_TYPE = L.0 - linenr 1500000
2018/10/08 12:59:36 - Check if LOAD_TYPE = I.0 - linenr 1500000
2018/10/08 12:59:36 - Insert to lt_src_mrna_data.0 - linenr 1500000
2018/10/08 12:59:46 - Get pivoted file.0 - linenr 2000000
2018/10/08 12:59:46 - Check for numeric intensity.0 - linenr 2000000
2018/10/08 12:59:46 - Drop non-numeric data.0 - linenr 2000000
2018/10/08 12:59:47 - SAMPLE_REMAP_FILE present.0 - linenr 2000000
2018/10/08 12:59:47 - SAMPLE_SUFFIX present.0 - linenr 2000000
2018/10/08 12:59:47 - Remove SAMPLE_SUFFIX from sample_cd.0 - linenr 2000000
2018/10/08 12:59:47 - Select values 2.0 - linenr 2000000
2018/10/08 12:59:48 - Select values for mrna data.0 - linenr 2000000
2018/10/08 12:59:48 - Check if LOAD_TYPE = L.0 - linenr 2000000
2018/10/08 12:59:48 - Check if LOAD_TYPE = I.0 - linenr 2000000
2018/10/08 12:59:49 - Insert to lt_src_mrna_data.0 - linenr 2000000
2018/10/08 12:59:58 - Get pivoted file.0 - linenr 2500000
2018/10/08 12:59:58 - Check for numeric intensity.0 - linenr 2500000
2018/10/08 12:59:58 - Drop non-numeric data.0 - linenr 2500000
2018/10/08 12:59:59 - SAMPLE_REMAP_FILE present.0 - linenr 2500000
2018/10/08 12:59:59 - SAMPLE_SUFFIX present.0 - linenr 2500000
2018/10/08 12:59:59 - Remove SAMPLE_SUFFIX from sample_cd.0 - linenr 2500000
2018/10/08 12:59:59 - Select values 2.0 - linenr 2500000
2018/10/08 13:00:00 - Select values for mrna data.0 - linenr 2500000
2018/10/08 13:00:00 - Check if LOAD_TYPE = L.0 - linenr 2500000
2018/10/08 13:00:00 - Check if LOAD_TYPE = I.0 - linenr 2500000
2018/10/08 13:00:01 - Insert to lt_src_mrna_data.0 - linenr 2500000
2018/10/08 13:00:10 - Get pivoted file.0 - linenr 3000000
2018/10/08 13:00:10 - Check for numeric intensity.0 - linenr 3000000
2018/10/08 13:00:10 - Drop non-numeric data.0 - linenr 3000000
2018/10/08 13:00:11 - SAMPLE_REMAP_FILE present.0 - linenr 3000000
2018/10/08 13:00:11 - SAMPLE_SUFFIX present.0 - linenr 3000000
2018/10/08 13:00:11 - Remove SAMPLE_SUFFIX from sample_cd.0 - linenr 3000000
2018/10/08 13:00:11 - Select values 2.0 - linenr 3000000
2018/10/08 13:00:12 - Select values for mrna data.0 - linenr 3000000
2018/10/08 13:00:12 - Check if LOAD_TYPE = L.0 - linenr 3000000
2018/10/08 13:00:12 - Check if LOAD_TYPE = I.0 - linenr 3000000
2018/10/08 13:00:13 - Insert to lt_src_mrna_data.0 - linenr 3000000
2018/10/08 13:00:21 - Get pivoted file.0 - linenr 3500000
2018/10/08 13:00:21 - Check for numeric intensity.0 - linenr 3500000
2018/10/08 13:00:22 - Drop non-numeric data.0 - linenr 3500000
2018/10/08 13:00:22 - SAMPLE_REMAP_FILE present.0 - linenr 3500000
2018/10/08 13:00:22 - SAMPLE_SUFFIX present.0 - linenr 3500000
2018/10/08 13:00:23 - Remove SAMPLE_SUFFIX from sample_cd.0 - linenr 3500000
2018/10/08 13:00:23 - Select values 2.0 - linenr 3500000
2018/10/08 13:00:24 - Select values for mrna data.0 - linenr 3500000
2018/10/08 13:00:24 - Check if LOAD_TYPE = L.0 - linenr 3500000
2018/10/08 13:00:24 - Check if LOAD_TYPE = I.0 - linenr 3500000
2018/10/08 13:00:24 - Insert to lt_src_mrna_data.0 - linenr 3500000
2018/10/08 13:00:33 - Get pivoted file.0 - linenr 4000000
2018/10/08 13:00:33 - Check for numeric intensity.0 - linenr 4000000
2018/10/08 13:00:33 - Drop non-numeric data.0 - linenr 4000000
2018/10/08 13:00:34 - SAMPLE_REMAP_FILE present.0 - linenr 4000000
2018/10/08 13:00:34 - SAMPLE_SUFFIX present.0 - linenr 4000000
2018/10/08 13:00:35 - Remove SAMPLE_SUFFIX from sample_cd.0 - linenr 4000000
2018/10/08 13:00:35 - Select values 2.0 - linenr 4000000
2018/10/08 13:00:35 - Select values for mrna data.0 - linenr 4000000
2018/10/08 13:00:36 - Check if LOAD_TYPE = L.0 - linenr 4000000
2018/10/08 13:00:36 - Check if LOAD_TYPE = I.0 - linenr 4000000
2018/10/08 13:00:36 - Insert to lt_src_mrna_data.0 - linenr 4000000
2018/10/08 13:00:45 - Get pivoted file.0 - linenr 4500000
2018/10/08 13:00:46 - Check for numeric intensity.0 - linenr 4500000
2018/10/08 13:00:46 - Drop non-numeric data.0 - linenr 4500000
2018/10/08 13:00:46 - SAMPLE_REMAP_FILE present.0 - linenr 4500000
2018/10/08 13:00:47 - SAMPLE_SUFFIX present.0 - linenr 4500000
2018/10/08 13:00:47 - Remove SAMPLE_SUFFIX from sample_cd.0 - linenr 4500000
2018/10/08 13:00:47 - Select values 2.0 - linenr 4500000
2018/10/08 13:00:48 - Select values for mrna data.0 - linenr 4500000
2018/10/08 13:00:48 - Check if LOAD_TYPE = L.0 - linenr 4500000
2018/10/08 13:00:48 - Check if LOAD_TYPE = I.0 - linenr 4500000
2018/10/08 13:00:48 - Insert to lt_src_mrna_data.0 - linenr 4500000
2018/10/08 13:00:56 - Get pivoted file.0 - Finished processing (I=4937327, O=0, R=0, W=4937326, U=1, E=0)
2018/10/08 13:00:56 - Check for numeric intensity.0 - Finished processing (I=0, O=0, R=4937326, W=4937326, U=0, E=0)
2018/10/08 13:00:56 - Drop non-numeric data.0 - Finished processing (I=0, O=0, R=4937326, W=4937326, U=0, E=0)
2018/10/08 13:00:56 - Get sample variables.0 - Finished processing (I=0, O=0, R=4937326, W=4937326, U=0, E=0)
2018/10/08 13:00:57 - SAMPLE_REMAP_FILE present.0 - Finished processing (I=0, O=0, R=4937326, W=4937326, U=0, E=0)
2018/10/08 13:00:57 - SAMPLE_SUFFIX present.0 - Finished processing (I=0, O=0, R=4937326, W=4937326, U=0, E=0)
2018/10/08 13:00:57 - Remove SAMPLE_SUFFIX from sample_cd.0 - Finished processing (I=0, O=0, R=4937326, W=4937326, U=0, E=0)
2018/10/08 13:00:57 - Select values 2.0 - Finished processing (I=0, O=0, R=4937326, W=4937326, U=0, E=0)
2018/10/08 13:00:57 - Get Variables.0 - Finished processing (I=0, O=0, R=4937326, W=4937326, U=0, E=0)
2018/10/08 13:00:57 - Trim trial_name.0 - Finished processing (I=0, O=0, R=4937326, W=4937326, U=0, E=0)
2018/10/08 13:00:58 - Select values for mrna data.0 - Finished processing (I=0, O=0, R=4937326, W=4937326, U=0, E=0)
2018/10/08 13:00:58 - Check if LOAD_TYPE = L.0 - Finished processing (I=0, O=0, R=4937326, W=4937326, U=0, E=0)
2018/10/08 13:00:58 - Bulk Loader.0 - The input stream of this step and/or the PSQL process is null.  Load was not executed.
2018/10/08 13:00:58 - Check if LOAD_TYPE = I.0 - Finished processing (I=0, O=0, R=4937326, W=4937326, U=0, E=0)
2018/10/08 13:00:58 - Insert to lt_src_mrna_data.0 - Finished processing (I=0, O=4937326, R=4937326, W=4937326, U=0, E=0)
2018/10/08 13:00:58 - Get stats from steps.0 - Finished processing (I=0, O=0, R=4, W=4, U=0, E=0)
2018/10/08 13:00:58 - Copy rows to result.0 - Finished processing (I=0, O=0, R=4, W=4, U=0, E=0)
2018/10/08 13:00:58 - load_gene_expression_one_study - Starting entry [Check LOAD_TYPE = F]
2018/10/08 13:00:58 - load_gene_expression_one_study - Starting entry [Write gene expression audit]
2018/10/08 13:00:58 - Write gene expression audit - Loading transformation from XML file [file:///transmart/tranSMART-ETL/Postgres/GPL-1.0/Kettle/Kettle-ETL/write_gene_expression_audit.ktr]
2018/10/08 13:00:58 - write_gene_expression_audit - Dispatching started for transformation [write_gene_expression_audit]
2018/10/08 13:00:58 - Get Audit rows.0 - Finished processing (I=0, O=0, R=4, W=4, U=0, E=0)
2018/10/08 13:00:58 - Reset step names.0 - Finished processing (I=0, O=0, R=4, W=4, U=0, E=0)
2018/10/08 13:00:58 - Set step_number based on step_name.0 - Finished processing (I=0, O=0, R=4, W=4, U=0, E=0)
2018/10/08 13:00:58 - Sort audit records by step_number.0 - Finished processing (I=0, O=0, R=4, W=4, U=0, E=0)
2018/10/08 13:00:58 - Split for input and output counts.0 - Finished processing (I=0, O=0, R=4, W=4, U=0, E=0)
2018/10/08 13:00:58 - Set counts for output steps.0 - Finished processing (I=0, O=0, R=4, W=3, U=0, E=0)
2018/10/08 13:00:58 - Set step_number to numeric.0 - Finished processing (I=0, O=0, R=3, W=3, U=0, E=0)
2018/10/08 13:00:58 - Get Variables.0 - Finished processing (I=0, O=0, R=3, W=3, U=0, E=0)
2018/10/08 13:00:58 - Add proc_prefix, step_status.0 - Finished processing (I=0, O=0, R=3, W=3, U=0, E=0)
2018/10/08 13:00:58 - Create procedure_name.0 - Finished processing (I=0, O=0, R=3, W=3, U=0, E=0)
2018/10/08 13:00:58 - Call cz_write_audit.0 - Finished processing (I=0, O=0, R=3, W=3, U=0, E=0)
2018/10/08 13:00:58 - load_gene_expression_one_study - Starting entry [Delete file]
2018/10/08 13:00:58 - Delete file - File [/tmp/Neptune_V6_Exp_N1T_N2T_N3bT-CombatCorrected_Tub_noped_pivot.txt] deleted!
2018/10/08 13:00:58 - load_gene_expression_one_study - Finished job entry [Delete file] (result=[true])
2018/10/08 13:00:58 - load_gene_expression_one_study - Finished job entry [Write gene expression audit] (result=[true])
2018/10/08 13:00:58 - load_gene_expression_one_study - Finished job entry [Check LOAD_TYPE = F] (result=[true])
2018/10/08 13:00:58 - load_gene_expression_one_study - Finished job entry [Load gene expression data to lz] (result=[true])
2018/10/08 13:00:58 - load_gene_expression_one_study - Finished job entry [Run FilePivot] (result=[true])
2018/10/08 13:00:58 - load_gene_expression_one_study - Finished job entry [Validate gene expression header has same nbr columns as data] (result=[true])
2018/10/08 13:00:58 - load_gene_expression_one_study - Finished job entry [Set gene expression filename as variable] (result=[true])
2018/10/08 13:00:58 - load_all_gene_expression_files_for_study - Finished job entry [load each file for study] (result=[true])
2018/10/08 13:00:58 - load_all_gene_expression_files_for_study - Finished job entry [Get list of filenames for Study] (result=[true])
2018/10/08 13:00:58 - load_all_gene_expression_files_for_study - Finished job entry [Load subject-sample map] (result=[true])
2018/10/08 13:00:58 - load_all_gene_expression_files_for_study - Finished job entry [truncate lt_src_mrna_data] (result=[true])
2018/10/08 13:00:58 - load_all_gene_expression_files_for_study - Finished job entry [Write study_id to audit] (result=[true])
2018/10/08 13:00:58 - load_all_gene_expression_files_for_study - Finished job entry [Check if file-only load] (result=[true])
2018/10/08 13:00:58 - load_gene_expression_data - Starting entry [Check for File Only load]
2018/10/08 13:00:58 - load_gene_expression_data - Starting entry [run i2b2_process_mrna_data]
2018/10/08 13:00:58 - run i2b2_process_mrna_data - Loading transformation from XML file [file:///transmart/tranSMART-ETL/Postgres/GPL-1.0/Kettle/Kettle-ETL/run_i2b2_process_mrna_data.ktr]
2018/10/08 13:00:58 - run_i2b2_process_mrna_data - Dispatching started for transformation [run_i2b2_process_mrna_data]
2018/10/08 13:00:58 - Get Variables.0 - Finished processing (I=0, O=0, R=1, W=1, U=0, E=0)
2018/10/08 13:00:58 - Write parameters.0 - 
2018/10/08 13:00:58 - Write parameters.0 - ------------> Linenr 1------------------------------
2018/10/08 13:00:58 - Write parameters.0 - *** i2b2_process_mrna_data ***
2018/10/08 13:00:58 - Write parameters.0 - 
2018/10/08 13:00:58 - Write parameters.0 - study_id = NEPTUNE_V16
2018/10/08 13:00:58 - Write parameters.0 - top_node = \Private Studies\Neptune_V16\
2018/10/08 13:00:58 - Write parameters.0 - data_type = T
2018/10/08 13:00:58 - Write parameters.0 - source_cd = STD
2018/10/08 13:00:58 - Write parameters.0 - log_base =  00000002
2018/10/08 13:00:58 - Write parameters.0 - security_required = Y
2018/10/08 13:00:58 - Write parameters.0 - job_id =  00000000000000000000000007941.00
2018/10/08 13:00:58 - Write parameters.0 - 
2018/10/08 13:00:58 - Write parameters.0 - ====================
2018/10/08 13:00:58 - Uppercase fields.0 - Finished processing (I=0, O=0, R=1, W=1, U=0, E=0)
2018/10/08 13:00:58 - Check for valid DATA_TYPE.0 - Finished processing (I=0, O=0, R=1, W=1, U=0, E=0)
2018/10/08 13:00:58 - Write parameters.0 - Finished processing (I=0, O=0, R=1, W=1, U=0, E=0)
2018/10/08 13:56:44 - Execute i2b2_process_mrna_data.0 - ERROR (version 5.1.0.0, build 1 from 2014-06-19_19-02-57 by buildguy) : Because of an error, this step can't continue: 
2018/10/08 13:56:44 - Execute i2b2_process_mrna_data.0 - Unable to call procedure
2018/10/08 13:56:44 - Execute i2b2_process_mrna_data.0 - ERROR: could not extend file "pg_tblspc/58203/PG_9.3_201306121/58185/78063": wrote only 4096 of 8192 bytes at block 22360
2018/10/08 13:56:44 - Execute i2b2_process_mrna_data.0 -   Hint: Check free disk space.
2018/10/08 13:56:44 - Execute i2b2_process_mrna_data.0 -   Where: SQL statement " create index de_subject_microarray_data_5_idx4 on deapp.de_subject_microarray_data_5 using btree (assay_id, probeset_id) tablespace indx"
2018/10/08 13:56:44 - Execute i2b2_process_mrna_data.0 - PL/pgSQL function i2b2_process_mrna_data(character varying,character varying,character varying,character varying,numeric,character varying,numeric) line 1237 at EXECUTE statement
2018/10/08 13:56:44 - Execute i2b2_process_mrna_data.0 - Finished processing (I=0, O=0, R=1, W=0, U=0, E=1)
2018/10/08 13:56:44 - run_i2b2_process_mrna_data - Transformation detected one or more steps with errors.
2018/10/08 13:56:44 - run_i2b2_process_mrna_data - Transformation is killing the other steps!
2018/10/08 13:56:44 - run_i2b2_process_mrna_data - ERROR (version 5.1.0.0, build 1 from 2014-06-19_19-02-57 by buildguy) : Errors detected!
2018/10/08 13:56:44 - run_i2b2_process_mrna_data - ERROR (version 5.1.0.0, build 1 from 2014-06-19_19-02-57 by buildguy) : Errors detected!
2018/10/08 13:56:44 - load_gene_expression_data - Starting entry [End Audit]
2018/10/08 13:56:44 - End Audit - Loading transformation from XML file [file:///transmart/tranSMART-ETL/Postgres/GPL-1.0/Kettle/Kettle-ETL/cz_end_audit.ktr]
2018/10/08 13:56:44 - cz_end_audit - Dispatching started for transformation [cz_end_audit]
2018/10/08 13:56:44 - Generate Rows.0 - Finished processing (I=0, O=0, R=0, W=1, U=0, E=0)
2018/10/08 13:56:44 - Get Job Name.0 - Finished processing (I=0, O=0, R=1, W=1, U=0, E=0)
2018/10/08 13:56:44 - Call cz_end_audit.0 - Finished processing (I=0, O=0, R=1, W=1, U=0, E=0)
2018/10/08 13:56:44 - load_gene_expression_data - Finished job entry [End Audit] (result=[true])
2018/10/08 13:56:44 - load_gene_expression_data - Finished job entry [run i2b2_process_mrna_data] (result=[true])
2018/10/08 13:56:44 - load_gene_expression_data - Finished job entry [Check for File Only load] (result=[true])
2018/10/08 13:56:44 - load_gene_expression_data - Finished job entry [Load All Gene Expression data for study] (result=[true])
2018/10/08 13:56:44 - load_gene_expression_data - Finished job entry [Start Audit] (result=[true])
2018/10/08 13:56:44 - load_gene_expression_data - Finished job entry [Check if subject-sample map file exists] (result=[true])
2018/10/08 13:56:44 - load_gene_expression_data - Finished job entry [Fail if number of files = 0] (result=[true])
2018/10/08 13:56:44 - load_gene_expression_data - Finished job entry [Check number of gene expression data files] (result=[true])
2018/10/08 13:56:44 - load_gene_expression_data - Finished job entry [Write To Log] (result=[true])
2018/10/08 13:56:44 - load_gene_expression_data - Finished job entry [Validate parameters] (result=[true])
2018/10/08 13:56:44 - load_gene_expression_data - Job execution finished
2018/10/08 13:56:44 - Kitchen - Finished!
2018/10/08 13:56:44 - Kitchen - Start=2018/10/08 12:51:27.669, Stop=2018/10/08 13:56:44.944
2018/10/08 13:56:44 - Kitchen - Processing ended after 1 hours, 5 minutes and 17 seconds (3917 seconds total).
make: Leaving directory `/transmart/transmart-data/samples/postgres'
